WdgMtb: ACCESS solid_surf_rg@EXTRUSION is AVAILABLE (CB)
WdgMtb: ACCESS remove_material_popup@extrev_feature_popup@EXTRUSION is invisible (UI)
WdgMtb: ACCESS thick_sketch_popup@extrev_feature_popup@EXTRUSION is AVAILABLE (CB)
WdgMtb: ACCESS DefineRmbBtn@extrev_feature_popup@EXTRUSION is AVAILABLE (CB)
WdgMtb: ACCESS SketchRmbBtn@extrev_feature_popup@EXTRUSION is invisible (UI)
WdgMtb: ACCESS add_draft_popup@extrev_feature_popup@EXTRUSION is invisible (UI)
WdgMtb: ACCESS cap_ends_popup@extrev_feature_popup@EXTRUSION is invisible (UI)
WdgMtb: ACCESS solid_surf_rg@EXTRUSION is AVAILABLE (CB)
WdgMtb: ACCESS remove_material_popup@extrev_feature_popup@EXTRUSION is invisible (UI)
WdgMtb: ACCESS thick_sketch_popup@extrev_feature_popup@EXTRUSION is AVAILABLE (CB)
WdgMtb: ACCESS DefineRmbBtn@extrev_feature_popup@EXTRUSION is AVAILABLE (CB)
WdgMtb: ACCESS SketchRmbBtn@extrev_feature_popup@EXTRUSION is invisible (UI)
WdgMtb: ACCESS add_draft_popup@extrev_feature_popup@EXTRUSION is invisible (UI)
WdgMtb: ACCESS cap_ends_popup@extrev_feature_popup@EXTRUSION is invisible (UI)
WdgMtb: ACCESS solid_surf_rg@EXTRUSION is AVAILABLE (CB)
WdgMtb: ACCESS remove_material_popup@extrev_feature_popup@EXTRUSION is invisible (UI)
WdgMtb: ACCESS thick_sketch_popup@extrev_feature_popup@EXTRUSION is AVAILABLE (CB)
WdgMtb: ACCESS DefineRmbBtn@extrev_feature_popup@EXTRUSION is AVAILABLE (CB)
WdgMtb: ACCESS SketchRmbBtn@extrev_feature_popup@EXTRUSION is invisible (UI)
WdgMtb: ACCESS add_draft_popup@extrev_feature_popup@EXTRUSION is invisible (UI)
WdgMtb: ACCESS cap_ends_popup@extrev_feature_popup@EXTRUSION is invisible (UI)
WdgMtb: ACCESS solid_surf_rg@EXTRUSION is AVAILABLE (CB)
WdgMtb: ACCESS remove_material_popup@extrev_feature_popup@EXTRUSION is invisible (UI)
WdgMtb: ACCESS thick_sketch_popup@extrev_feature_popup@EXTRUSION is AVAILABLE (CB)
WdgMtb: ACCESS DefineRmbBtn@extrev_feature_popup@EXTRUSION is AVAILABLE (CB)
WdgMtb: ACCESS SketchRmbBtn@extrev_feature_popup@EXTRUSION is invisible (UI)
WdgMtb: ACCESS add_draft_popup@extrev_feature_popup@EXTRUSION is invisible (UI)
WdgMtb: ACCESS cap_ends_popup@extrev_feature_popup@EXTRUSION is invisible (UI)
WdgMtb: ACCESS solid_surf_rg@EXTRUSION is AVAILABLE (CB)
WdgMtb: ACCESS remove_material_popup@extrev_feature_popup@EXTRUSION is invisible (UI)
WdgMtb: ACCESS thick_sketch_popup@extrev_feature_popup@EXTRUSION is AVAILABLE (CB)
WdgMtb: ACCESS DefineRmbBtn@extrev_feature_popup@EXTRUSION is AVAILABLE (CB)
WdgMtb: ACCESS SketchRmbBtn@extrev_feature_popup@EXTRUSION is invisible (UI)
WdgMtb: ACCESS add_draft_popup@extrev_feature_popup@EXTRUSION is invisible (UI)
WdgMtb: ACCESS cap_ends_popup@extrev_feature_popup@EXTRUSION is invisible (UI)
WdgMtb: ACCESS solid_surf_rg@EXTRUSION is AVAILABLE (CB)
WdgMtb: ACCESS remove_material_popup@extrev_feature_popup@EXTRUSION is invisible (UI)
WdgMtb: ACCESS thick_sketch_popup@extrev_feature_popup@EXTRUSION is AVAILABLE (CB)
WdgMtb: ACCESS DefineRmbBtn@extrev_feature_popup@EXTRUSION is AVAILABLE (CB)
WdgMtb: ACCESS SketchRmbBtn@extrev_feature_popup@EXTRUSION is invisible (UI)
WdgMtb: ACCESS add_draft_popup@extrev_feature_popup@EXTRUSION is invisible (UI)
WdgMtb: ACCESS cap_ends_popup@extrev_feature_popup@EXTRUSION is invisible (UI)
WdgMtb: ACCESS solid_surf_rg@EXTRUSION is AVAILABLE (CB)
WdgMtb: ACCESS remove_material_popup@extrev_feature_popup@EXTRUSION is invisible (UI)
WdgMtb: ACCESS thick_sketch_popup@extrev_feature_popup@EXTRUSION is AVAILABLE (CB)
WdgMtb: ACCESS DefineRmbBtn@extrev_feature_popup@EXTRUSION is AVAILABLE (CB)
WdgMtb: ACCESS SketchRmbBtn@extrev_feature_popup@EXTRUSION is invisible (UI)
WdgMtb: ACCESS add_draft_popup@extrev_feature_popup@EXTRUSION is invisible (UI)
WdgMtb: ACCESS cap_ends_popup@extrev_feature_popup@EXTRUSION is invisible (UI)
WdgMtb: ACCESS solid_surf_rg@EXTRUSION is AVAILABLE (CB)
WdgMtb: ACCESS remove_material_popup@extrev_feature_popup@EXTRUSION is invisible (UI)
WdgMtb: ACCESS thick_sketch_popup@extrev_feature_popup@EXTRUSION is AVAILABLE (CB)
WdgMtb: ACCESS DefineRmbBtn@extrev_feature_popup@EXTRUSION is AVAILABLE (CB)
WdgMtb: ACCESS SketchRmbBtn@extrev_feature_popup@EXTRUSION is invisible (UI)
WdgMtb: ACCESS add_draft_popup@extrev_feature_popup@EXTRUSION is invisible (UI)
WdgMtb: ACCESS cap_ends_popup@extrev_feature_popup@EXTRUSION is invisible (UI)
WdgMtb: ACCESS solid_surf_rg@EXTRCUT is AVAILABLE (CB)
WdgMtb: ACCESS remove_material_popup@extrev_feature_popup@EXTRCUT is invisible (UI)
WdgMtb: ACCESS is_smt_cut_popup@extrev_feature_popup@EXTRCUT is invisible (UI)
WdgMtb: ACCESS thick_sketch_popup@extrev_feature_popup@EXTRCUT is AVAILABLE (CB)
WdgMtb: ACCESS DefineRmbBtn@extrev_feature_popup@EXTRCUT is AVAILABLE (CB)
WdgMtb: ACCESS SketchRmbBtn@extrev_feature_popup@EXTRCUT is invisible (UI)
WdgMtb: ACCESS add_draft_popup@extrev_feature_popup@EXTRCUT is invisible (UI)
WdgMtb: ACCESS cap_ends_popup@extrev_feature_popup@EXTRCUT is invisible (UI)
WdgMtb: ACCESS solid_surf_rg@EXTRCUT is AVAILABLE (CB)
WdgMtb: ACCESS remove_material_popup@extrev_feature_popup@EXTRCUT is invisible (UI)
WdgMtb: ACCESS is_smt_cut_popup@extrev_feature_popup@EXTRCUT is invisible (UI)
WdgMtb: ACCESS thick_sketch_popup@extrev_feature_popup@EXTRCUT is AVAILABLE (CB)
WdgMtb: ACCESS DefineRmbBtn@extrev_feature_popup@EXTRCUT is AVAILABLE (CB)
WdgMtb: ACCESS SketchRmbBtn@extrev_feature_popup@EXTRCUT is invisible (UI)
WdgMtb: ACCESS add_draft_popup@extrev_feature_popup@EXTRCUT is invisible (UI)
WdgMtb: ACCESS cap_ends_popup@extrev_feature_popup@EXTRCUT is invisible (UI)
WdgMtb: ACCESS Conic@ROUND is AVAILABLE (CB)
WdgMtb: ACCESS Conic@ROUND is AVAILABLE (CB)
WdgMtb: ACCESS Conic@ROUND is AVAILABLE (CB)
WdgMtb: ACCESS Conic@ROUND is AVAILABLE (CB)
WdgMtb: ACCESS roundflip@ROUND is unavailable (CB)
WdgMtb: ACCESS AddRadius@Dr0@ROUND is AVAILABLE (CB)
WdgMtb: ACCESS DelRadius@Dr0@ROUND is invisible (UI)
WdgMtb: ACCESS Conic@ROUND is AVAILABLE (CB)
WdgMtb: ACCESS roundflip@ROUND is unavailable (CB)
WdgMtb: ACCESS AddRadius@Dr0@ROUND is AVAILABLE (CB)
WdgMtb: ACCESS DelRadius@Dr0@ROUND is invisible (UI)
WdgMtb: ACCESS Conic@ROUND is AVAILABLE (CB)
WdgMtb: ACCESS roundflip@ROUND is unavailable (CB)
WdgMtb: ACCESS AddRadius@Dr0@ROUND is AVAILABLE (CB)
WdgMtb: ACCESS DelRadius@Dr0@ROUND is invisible (UI)
WdgMtb: ACCESS Conic@ROUND is AVAILABLE (CB)
WdgMtb: ACCESS roundflip@ROUND is unavailable (CB)
WdgMtb: ACCESS AddRadius@Dr0@ROUND is AVAILABLE (CB)
WdgMtb: ACCESS DelRadius@Dr0@ROUND is invisible (UI)
WdgMtb: ACCESS Conic@ROUND is AVAILABLE (CB)
WdgMtb: ACCESS solid_surf_rg@REVCUT is AVAILABLE (CB)
WdgMtb: ACCESS remove_material_popup@extrev_feature_popup@REVCUT is AVAILABLE (CB)
WdgMtb: ACCESS thick_sketch_popup@extrev_feature_popup@REVCUT is AVAILABLE (CB)
WdgMtb: ACCESS DefineRmbBtn@extrev_feature_popup@REVCUT is invisible (UI)
WdgMtb: ACCESS SketchRmbBtn@extrev_feature_popup@REVCUT is AVAILABLE (CB)
WdgMtb: ACCESS InternalCL@REVCUT is AVAILABLE (CB)
WdgMtb: ACCESS cap_ends_popup@extrev_feature_popup@REVCUT is invisible (UI)
WdgMtb: ACCESS solid_surf_rg@REVCUT is AVAILABLE (CB)
WdgMtb: ACCESS remove_material_popup@extrev_feature_popup@REVCUT is AVAILABLE (CB)
WdgMtb: ACCESS thick_sketch_popup@extrev_feature_popup@REVCUT is AVAILABLE (CB)
WdgMtb: ACCESS DefineRmbBtn@extrev_feature_popup@REVCUT is invisible (UI)
WdgMtb: ACCESS SketchRmbBtn@extrev_feature_popup@REVCUT is AVAILABLE (CB)
WdgMtb: ACCESS InternalCL@REVCUT is AVAILABLE (CB)
WdgMtb: ACCESS cap_ends_popup@extrev_feature_popup@REVCUT is invisible (UI)
WdgMtb: ACCESS solid_surf_rg@REVCUT is AVAILABLE (CB)
WdgMtb: ACCESS remove_material_popup@extrev_feature_popup@REVCUT is AVAILABLE (CB)
WdgMtb: ACCESS thick_sketch_popup@extrev_feature_popup@REVCUT is AVAILABLE (CB)
WdgMtb: ACCESS DefineRmbBtn@extrev_feature_popup@REVCUT is invisible (UI)
WdgMtb: ACCESS SketchRmbBtn@extrev_feature_popup@REVCUT is AVAILABLE (CB)
WdgMtb: ACCESS InternalCL@REVCUT is AVAILABLE (CB)
WdgMtb: ACCESS cap_ends_popup@extrev_feature_popup@REVCUT is invisible (UI)
WdgMtb: ACCESS solid_surf_rg@REVCUT is invisible (UI)
WdgMtb: ACCESS remove_material_popup@extrev_feature_popup@REVCUT is invisible (UI)
WdgMtb: ACCESS thick_sketch_popup@extrev_feature_popup@REVCUT is invisible (UI)
WdgMtb: ACCESS DefineRmbBtn@extrev_feature_popup@REVCUT is invisible (UI)
WdgMtb: ACCESS SketchRmbBtn@extrev_feature_popup@REVCUT is invisible (UI)
WdgMtb: ACCESS InternalCL@REVCUT is invisible (UI)
WdgMtb: ACCESS cap_ends_popup@extrev_feature_popup@REVCUT is invisible (UI)
WdgMtb: ACCESS solid_surf_rg@REVCUT is invisible (UI)
WdgMtb: ACCESS remove_material_popup@extrev_feature_popup@REVCUT is invisible (UI)
WdgMtb: ACCESS thick_sketch_popup@extrev_feature_popup@REVCUT is invisible (UI)
WdgMtb: ACCESS DefineRmbBtn@extrev_feature_popup@REVCUT is invisible (UI)
WdgMtb: ACCESS SketchRmbBtn@extrev_feature_popup@REVCUT is invisible (UI)
WdgMtb: ACCESS InternalCL@REVCUT is invisible (UI)
WdgMtb: ACCESS cap_ends_popup@extrev_feature_popup@REVCUT is invisible (UI)
WdgMtb: ACCESS solid_surf_rg@REVCUT is invisible (UI)
WdgMtb: ACCESS remove_material_popup@extrev_feature_popup@REVCUT is invisible (UI)
WdgMtb: ACCESS thick_sketch_popup@extrev_feature_popup@REVCUT is invisible (UI)
WdgMtb: ACCESS DefineRmbBtn@extrev_feature_popup@REVCUT is invisible (UI)
WdgMtb: ACCESS SketchRmbBtn@extrev_feature_popup@REVCUT is invisible (UI)
WdgMtb: ACCESS InternalCL@REVCUT is invisible (UI)
WdgMtb: ACCESS cap_ends_popup@extrev_feature_popup@REVCUT is invisible (UI)
WdgMtb: ACCESS solid_surf_rg@REVCUT is invisible (UI)
WdgMtb: ACCESS remove_material_popup@extrev_feature_popup@REVCUT is invisible (UI)
WdgMtb: ACCESS thick_sketch_popup@extrev_feature_popup@REVCUT is invisible (UI)
WdgMtb: ACCESS DefineRmbBtn@extrev_feature_popup@REVCUT is invisible (UI)
WdgMtb: ACCESS SketchRmbBtn@extrev_feature_popup@REVCUT is invisible (UI)
WdgMtb: ACCESS InternalCL@REVCUT is invisible (UI)
WdgMtb: ACCESS cap_ends_popup@extrev_feature_popup@REVCUT is invisible (UI)
WdgMtb: ACCESS solid_surf_rg@REVCUT is invisible (UI)
WdgMtb: ACCESS remove_material_popup@extrev_feature_popup@REVCUT is invisible (UI)
WdgMtb: ACCESS thick_sketch_popup@extrev_feature_popup@REVCUT is invisible (UI)
WdgMtb: ACCESS DefineRmbBtn@extrev_feature_popup@REVCUT is invisible (UI)
WdgMtb: ACCESS SketchRmbBtn@extrev_feature_popup@REVCUT is invisible (UI)
WdgMtb: ACCESS InternalCL@REVCUT is invisible (UI)
WdgMtb: ACCESS cap_ends_popup@extrev_feature_popup@REVCUT is invisible (UI)
WdgMtb: ACCESS solid_surf_rg@REVCUT is invisible (UI)
WdgMtb: ACCESS remove_material_popup@extrev_feature_popup@REVCUT is invisible (UI)
WdgMtb: ACCESS thick_sketch_popup@extrev_feature_popup@REVCUT is invisible (UI)
WdgMtb: ACCESS DefineRmbBtn@extrev_feature_popup@REVCUT is invisible (UI)
WdgMtb: ACCESS SketchRmbBtn@extrev_feature_popup@REVCUT is invisible (UI)
WdgMtb: ACCESS InternalCL@REVCUT is invisible (UI)
WdgMtb: ACCESS cap_ends_popup@extrev_feature_popup@REVCUT is invisible (UI)
WdgMtb: ACCESS solid_surf_rg@REVCUT is invisible (UI)
WdgMtb: ACCESS remove_material_popup@extrev_feature_popup@REVCUT is invisible (UI)
WdgMtb: ACCESS thick_sketch_popup@extrev_feature_popup@REVCUT is invisible (UI)
WdgMtb: ACCESS DefineRmbBtn@extrev_feature_popup@REVCUT is invisible (UI)
WdgMtb: ACCESS SketchRmbBtn@extrev_feature_popup@REVCUT is invisible (UI)
WdgMtb: ACCESS InternalCL@REVCUT is invisible (UI)
WdgMtb: ACCESS cap_ends_popup@extrev_feature_popup@REVCUT is invisible (UI)
WdgMtb: ACCESS solid_surf_rg@REVCUT is invisible (UI)
WdgMtb: ACCESS remove_material_popup@extrev_feature_popup@REVCUT is invisible (UI)
WdgMtb: ACCESS thick_sketch_popup@extrev_feature_popup@REVCUT is invisible (UI)
WdgMtb: ACCESS DefineRmbBtn@extrev_feature_popup@REVCUT is invisible (UI)
WdgMtb: ACCESS SketchRmbBtn@extrev_feature_popup@REVCUT is invisible (UI)
WdgMtb: ACCESS InternalCL@REVCUT is invisible (UI)
WdgMtb: ACCESS cap_ends_popup@extrev_feature_popup@REVCUT is invisible (UI)
WdgMtb: ACCESS solid_surf_rg@REVCUT is invisible (UI)
WdgMtb: ACCESS remove_material_popup@extrev_feature_popup@REVCUT is invisible (UI)
WdgMtb: ACCESS thick_sketch_popup@extrev_feature_popup@REVCUT is invisible (UI)
WdgMtb: ACCESS DefineRmbBtn@extrev_feature_popup@REVCUT is invisible (UI)
WdgMtb: ACCESS SketchRmbBtn@extrev_feature_popup@REVCUT is invisible (UI)
WdgMtb: ACCESS InternalCL@REVCUT is invisible (UI)
WdgMtb: ACCESS cap_ends_popup@extrev_feature_popup@REVCUT is invisible (UI)
WdgMtb: ACCESS solid_surf_rg@REVCUT is invisible (UI)
WdgMtb: ACCESS remove_material_popup@extrev_feature_popup@REVCUT is invisible (UI)
WdgMtb: ACCESS thick_sketch_popup@extrev_feature_popup@REVCUT is invisible (UI)
WdgMtb: ACCESS DefineRmbBtn@extrev_feature_popup@REVCUT is invisible (UI)
WdgMtb: ACCESS SketchRmbBtn@extrev_feature_popup@REVCUT is invisible (UI)
WdgMtb: ACCESS InternalCL@REVCUT is invisible (UI)
WdgMtb: ACCESS cap_ends_popup@extrev_feature_popup@REVCUT is invisible (UI)
WdgMtb: ACCESS solid_surf_rg@REVCUT is invisible (UI)
WdgMtb: ACCESS remove_material_popup@extrev_feature_popup@REVCUT is invisible (UI)
WdgMtb: ACCESS thick_sketch_popup@extrev_feature_popup@REVCUT is invisible (UI)
WdgMtb: ACCESS DefineRmbBtn@extrev_feature_popup@REVCUT is invisible (UI)
WdgMtb: ACCESS SketchRmbBtn@extrev_feature_popup@REVCUT is invisible (UI)
WdgMtb: ACCESS InternalCL@REVCUT is invisible (UI)
WdgMtb: ACCESS cap_ends_popup@extrev_feature_popup@REVCUT is invisible (UI)
WdgMtb: ACCESS solid_surf_rg@REVCUT is invisible (UI)
WdgMtb: ACCESS remove_material_popup@extrev_feature_popup@REVCUT is invisible (UI)
WdgMtb: ACCESS thick_sketch_popup@extrev_feature_popup@REVCUT is invisible (UI)
WdgMtb: ACCESS DefineRmbBtn@extrev_feature_popup@REVCUT is invisible (UI)
WdgMtb: ACCESS SketchRmbBtn@extrev_feature_popup@REVCUT is invisible (UI)
WdgMtb: ACCESS InternalCL@REVCUT is invisible (UI)
WdgMtb: ACCESS cap_ends_popup@extrev_feature_popup@REVCUT is invisible (UI)
WdgMtb: ACCESS solid_surf_rg@REVCUT is invisible (UI)
WdgMtb: ACCESS remove_material_popup@extrev_feature_popup@REVCUT is invisible (UI)
WdgMtb: ACCESS thick_sketch_popup@extrev_feature_popup@REVCUT is invisible (UI)
WdgMtb: ACCESS DefineRmbBtn@extrev_feature_popup@REVCUT is invisible (UI)
WdgMtb: ACCESS SketchRmbBtn@extrev_feature_popup@REVCUT is invisible (UI)
WdgMtb: ACCESS InternalCL@REVCUT is invisible (UI)
WdgMtb: ACCESS cap_ends_popup@extrev_feature_popup@REVCUT is invisible (UI)
WdgMtb: ACCESS solid_surf_rg@REVCUT is AVAILABLE (CB)
WdgMtb: ACCESS remove_material_popup@extrev_feature_popup@REVCUT is AVAILABLE (CB)
WdgMtb: ACCESS thick_sketch_popup@extrev_feature_popup@REVCUT is AVAILABLE (CB)
WdgMtb: ACCESS DefineRmbBtn@extrev_feature_popup@REVCUT is invisible (UI)
WdgMtb: ACCESS SketchRmbBtn@extrev_feature_popup@REVCUT is AVAILABLE (CB)
WdgMtb: ACCESS InternalCL@REVCUT is AVAILABLE (CB)
WdgMtb: ACCESS cap_ends_popup@extrev_feature_popup@REVCUT is invisible (UI)
WdgMtb: ACCESS solid_surf_rg@REVCUT is AVAILABLE (CB)
WdgMtb: ACCESS remove_material_popup@extrev_feature_popup@REVCUT is AVAILABLE (CB)
WdgMtb: ACCESS thick_sketch_popup@extrev_feature_popup@REVCUT is AVAILABLE (CB)
WdgMtb: ACCESS DefineRmbBtn@extrev_feature_popup@REVCUT is invisible (UI)
WdgMtb: ACCESS SketchRmbBtn@extrev_feature_popup@REVCUT is AVAILABLE (CB)
WdgMtb: ACCESS InternalCL@REVCUT is AVAILABLE (CB)
WdgMtb: ACCESS cap_ends_popup@extrev_feature_popup@REVCUT is invisible (UI)
WdgMtb: ACCESS solid_surf_rg@REVCUT is AVAILABLE (CB)
WdgMtb: ACCESS remove_material_popup@extrev_feature_popup@REVCUT is AVAILABLE (CB)
WdgMtb: ACCESS thick_sketch_popup@extrev_feature_popup@REVCUT is AVAILABLE (CB)
WdgMtb: ACCESS DefineRmbBtn@extrev_feature_popup@REVCUT is invisible (UI)
WdgMtb: ACCESS SketchRmbBtn@extrev_feature_popup@REVCUT is AVAILABLE (CB)
WdgMtb: ACCESS InternalCL@REVCUT is AVAILABLE (CB)
WdgMtb: ACCESS cap_ends_popup@extrev_feature_popup@REVCUT is invisible (UI)
WdgMtb: ACCESS solid_surf_rg@REVCUT is AVAILABLE (CB)
WdgMtb: ACCESS remove_material_popup@extrev_feature_popup@REVCUT is AVAILABLE (CB)
WdgMtb: ACCESS thick_sketch_popup@extrev_feature_popup@REVCUT is AVAILABLE (CB)
WdgMtb: ACCESS DefineRmbBtn@extrev_feature_popup@REVCUT is invisible (UI)
WdgMtb: ACCESS SketchRmbBtn@extrev_feature_popup@REVCUT is AVAILABLE (CB)
WdgMtb: ACCESS InternalCL@REVCUT is AVAILABLE (CB)
WdgMtb: ACCESS cap_ends_popup@extrev_feature_popup@REVCUT is invisible (UI)
WdgMtb: ACCESS solid_surf_rg@REVCUT is AVAILABLE (CB)
WdgMtb: ACCESS remove_material_popup@extrev_feature_popup@REVCUT is AVAILABLE (CB)
WdgMtb: ACCESS thick_sketch_popup@extrev_feature_popup@REVCUT is AVAILABLE (CB)
WdgMtb: ACCESS DefineRmbBtn@extrev_feature_popup@REVCUT is invisible (UI)
WdgMtb: ACCESS SketchRmbBtn@extrev_feature_popup@REVCUT is AVAILABLE (CB)
WdgMtb: ACCESS InternalCL@REVCUT is AVAILABLE (CB)
WdgMtb: ACCESS cap_ends_popup@extrev_feature_popup@REVCUT is invisible (UI)
WdgMtb: ACCESS solid_surf_rg@REVCUT is AVAILABLE (CB)
WdgMtb: ACCESS remove_material_popup@extrev_feature_popup@REVCUT is AVAILABLE (CB)
WdgMtb: ACCESS thick_sketch_popup@extrev_feature_popup@REVCUT is AVAILABLE (CB)
WdgMtb: ACCESS DefineRmbBtn@extrev_feature_popup@REVCUT is invisible (UI)
WdgMtb: ACCESS SketchRmbBtn@extrev_feature_popup@REVCUT is AVAILABLE (CB)
WdgMtb: ACCESS InternalCL@REVCUT is AVAILABLE (CB)
WdgMtb: ACCESS cap_ends_popup@extrev_feature_popup@REVCUT is invisible (UI)
WdgMtb: ACCESS solid_surf_rg@REVCUT is AVAILABLE (CB)
WdgMtb: ACCESS remove_material_popup@extrev_feature_popup@REVCUT is AVAILABLE (CB)
WdgMtb: ACCESS thick_sketch_popup@extrev_feature_popup@REVCUT is AVAILABLE (CB)
WdgMtb: ACCESS DefineRmbBtn@extrev_feature_popup@REVCUT is invisible (UI)
WdgMtb: ACCESS SketchRmbBtn@extrev_feature_popup@REVCUT is AVAILABLE (CB)
WdgMtb: ACCESS InternalCL@REVCUT is AVAILABLE (CB)
WdgMtb: ACCESS cap_ends_popup@extrev_feature_popup@REVCUT is invisible (UI)
WdgMtb: ACCESS solid_surf_rg@REVCUT is AVAILABLE (CB)
WdgMtb: ACCESS remove_material_popup@extrev_feature_popup@REVCUT is AVAILABLE (CB)
WdgMtb: ACCESS thick_sketch_popup@extrev_feature_popup@REVCUT is AVAILABLE (CB)
WdgMtb: ACCESS DefineRmbBtn@extrev_feature_popup@REVCUT is invisible (UI)
WdgMtb: ACCESS SketchRmbBtn@extrev_feature_popup@REVCUT is AVAILABLE (CB)
WdgMtb: ACCESS InternalCL@REVCUT is AVAILABLE (CB)
WdgMtb: ACCESS cap_ends_popup@extrev_feature_popup@REVCUT is invisible (UI)
WdgMtb: ACCESS solid_surf_rg@REVCUT is AVAILABLE (CB)
WdgMtb: ACCESS remove_material_popup@extrev_feature_popup@REVCUT is AVAILABLE (CB)
WdgMtb: ACCESS thick_sketch_popup@extrev_feature_popup@REVCUT is AVAILABLE (CB)
WdgMtb: ACCESS DefineRmbBtn@extrev_feature_popup@REVCUT is invisible (UI)
WdgMtb: ACCESS SketchRmbBtn@extrev_feature_popup@REVCUT is AVAILABLE (CB)
WdgMtb: ACCESS InternalCL@REVCUT is AVAILABLE (CB)
WdgMtb: ACCESS cap_ends_popup@extrev_feature_popup@REVCUT is invisible (UI)
WdgMtb: ACCESS solid_surf_rg@REVCUT is invisible (UI)
WdgMtb: ACCESS remove_material_popup@extrev_feature_popup@REVCUT is invisible (UI)
WdgMtb: ACCESS thick_sketch_popup@extrev_feature_popup@REVCUT is invisible (UI)
WdgMtb: ACCESS DefineRmbBtn@extrev_feature_popup@REVCUT is invisible (UI)
WdgMtb: ACCESS SketchRmbBtn@extrev_feature_popup@REVCUT is invisible (UI)
WdgMtb: ACCESS InternalCL@REVCUT is invisible (UI)
WdgMtb: ACCESS cap_ends_popup@extrev_feature_popup@REVCUT is invisible (UI)
WdgMtb: ACCESS solid_surf_rg@REVCUT is invisible (UI)
WdgMtb: ACCESS remove_material_popup@extrev_feature_popup@REVCUT is invisible (UI)
WdgMtb: ACCESS thick_sketch_popup@extrev_feature_popup@REVCUT is invisible (UI)
WdgMtb: ACCESS DefineRmbBtn@extrev_feature_popup@REVCUT is invisible (UI)
WdgMtb: ACCESS SketchRmbBtn@extrev_feature_popup@REVCUT is invisible (UI)
WdgMtb: ACCESS InternalCL@REVCUT is invisible (UI)
WdgMtb: ACCESS cap_ends_popup@extrev_feature_popup@REVCUT is invisible (UI)
WdgMtb: ACCESS solid_surf_rg@REVCUT is invisible (UI)
WdgMtb: ACCESS remove_material_popup@extrev_feature_popup@REVCUT is invisible (UI)
WdgMtb: ACCESS thick_sketch_popup@extrev_feature_popup@REVCUT is invisible (UI)
WdgMtb: ACCESS DefineRmbBtn@extrev_feature_popup@REVCUT is invisible (UI)
WdgMtb: ACCESS SketchRmbBtn@extrev_feature_popup@REVCUT is invisible (UI)
WdgMtb: ACCESS InternalCL@REVCUT is invisible (UI)
WdgMtb: ACCESS cap_ends_popup@extrev_feature_popup@REVCUT is invisible (UI)
WdgMtb: ACCESS solid_surf_rg@REVCUT is invisible (UI)
WdgMtb: ACCESS remove_material_popup@extrev_feature_popup@REVCUT is invisible (UI)
WdgMtb: ACCESS thick_sketch_popup@extrev_feature_popup@REVCUT is invisible (UI)
WdgMtb: ACCESS DefineRmbBtn@extrev_feature_popup@REVCUT is invisible (UI)
WdgMtb: ACCESS SketchRmbBtn@extrev_feature_popup@REVCUT is invisible (UI)
WdgMtb: ACCESS InternalCL@REVCUT is invisible (UI)
WdgMtb: ACCESS cap_ends_popup@extrev_feature_popup@REVCUT is invisible (UI)
WdgMtb: ACCESS solid_surf_rg@REVCUT is invisible (UI)
WdgMtb: ACCESS remove_material_popup@extrev_feature_popup@REVCUT is invisible (UI)
WdgMtb: ACCESS thick_sketch_popup@extrev_feature_popup@REVCUT is invisible (UI)
WdgMtb: ACCESS DefineRmbBtn@extrev_feature_popup@REVCUT is invisible (UI)
WdgMtb: ACCESS SketchRmbBtn@extrev_feature_popup@REVCUT is invisible (UI)
WdgMtb: ACCESS InternalCL@REVCUT is invisible (UI)
WdgMtb: ACCESS cap_ends_popup@extrev_feature_popup@REVCUT is invisible (UI)
WdgMtb: ACCESS solid_surf_rg@REVCUT is invisible (UI)
WdgMtb: ACCESS remove_material_popup@extrev_feature_popup@REVCUT is invisible (UI)
WdgMtb: ACCESS thick_sketch_popup@extrev_feature_popup@REVCUT is invisible (UI)
WdgMtb: ACCESS DefineRmbBtn@extrev_feature_popup@REVCUT is invisible (UI)
WdgMtb: ACCESS SketchRmbBtn@extrev_feature_popup@REVCUT is invisible (UI)
WdgMtb: ACCESS InternalCL@REVCUT is invisible (UI)
WdgMtb: ACCESS cap_ends_popup@extrev_feature_popup@REVCUT is invisible (UI)
WdgMtb: ACCESS solid_surf_rg@REVCUT is invisible (UI)
WdgMtb: ACCESS remove_material_popup@extrev_feature_popup@REVCUT is invisible (UI)
WdgMtb: ACCESS thick_sketch_popup@extrev_feature_popup@REVCUT is invisible (UI)
WdgMtb: ACCESS DefineRmbBtn@extrev_feature_popup@REVCUT is invisible (UI)
WdgMtb: ACCESS SketchRmbBtn@extrev_feature_popup@REVCUT is invisible (UI)
WdgMtb: ACCESS InternalCL@REVCUT is invisible (UI)
WdgMtb: ACCESS cap_ends_popup@extrev_feature_popup@REVCUT is invisible (UI)
WdgMtb: ACCESS solid_surf_rg@REVCUT is invisible (UI)
WdgMtb: ACCESS remove_material_popup@extrev_feature_popup@REVCUT is invisible (UI)
WdgMtb: ACCESS thick_sketch_popup@extrev_feature_popup@REVCUT is invisible (UI)
WdgMtb: ACCESS DefineRmbBtn@extrev_feature_popup@REVCUT is invisible (UI)
WdgMtb: ACCESS SketchRmbBtn@extrev_feature_popup@REVCUT is invisible (UI)
WdgMtb: ACCESS InternalCL@REVCUT is invisible (UI)
WdgMtb: ACCESS cap_ends_popup@extrev_feature_popup@REVCUT is invisible (UI)
WdgMtb: ACCESS solid_surf_rg@REVCUT is AVAILABLE (CB)
WdgMtb: ACCESS remove_material_popup@extrev_feature_popup@REVCUT is AVAILABLE (CB)
WdgMtb: ACCESS thick_sketch_popup@extrev_feature_popup@REVCUT is AVAILABLE (CB)
WdgMtb: ACCESS DefineRmbBtn@extrev_feature_popup@REVCUT is invisible (UI)
WdgMtb: ACCESS SketchRmbBtn@extrev_feature_popup@REVCUT is AVAILABLE (CB)
WdgMtb: ACCESS InternalCL@REVCUT is AVAILABLE (CB)
WdgMtb: ACCESS cap_ends_popup@extrev_feature_popup@REVCUT is invisible (UI)
WdgMtb: ACCESS solid_surf_rg@REVCUT is AVAILABLE (CB)
WdgMtb: ACCESS remove_material_popup@extrev_feature_popup@REVCUT is AVAILABLE (CB)
WdgMtb: ACCESS thick_sketch_popup@extrev_feature_popup@REVCUT is AVAILABLE (CB)
WdgMtb: ACCESS DefineRmbBtn@extrev_feature_popup@REVCUT is invisible (UI)
WdgMtb: ACCESS SketchRmbBtn@extrev_feature_popup@REVCUT is AVAILABLE (CB)
WdgMtb: ACCESS InternalCL@REVCUT is AVAILABLE (CB)
WdgMtb: ACCESS cap_ends_popup@extrev_feature_popup@REVCUT is invisible (UI)
WdgMtb: ACCESS solid_surf_rg@REVCUT is AVAILABLE (CB)
WdgMtb: ACCESS remove_material_popup@extrev_feature_popup@REVCUT is AVAILABLE (CB)
WdgMtb: ACCESS thick_sketch_popup@extrev_feature_popup@REVCUT is AVAILABLE (CB)
WdgMtb: ACCESS DefineRmbBtn@extrev_feature_popup@REVCUT is invisible (UI)
WdgMtb: ACCESS SketchRmbBtn@extrev_feature_popup@REVCUT is AVAILABLE (CB)
WdgMtb: ACCESS InternalCL@REVCUT is AVAILABLE (CB)
WdgMtb: ACCESS cap_ends_popup@extrev_feature_popup@REVCUT is invisible (UI)
WdgMtb: ACCESS solid_surf_rg@REVCUT is AVAILABLE (CB)
WdgMtb: ACCESS remove_material_popup@extrev_feature_popup@REVCUT is AVAILABLE (CB)
WdgMtb: ACCESS thick_sketch_popup@extrev_feature_popup@REVCUT is AVAILABLE (CB)
WdgMtb: ACCESS DefineRmbBtn@extrev_feature_popup@REVCUT is invisible (UI)
WdgMtb: ACCESS SketchRmbBtn@extrev_feature_popup@REVCUT is AVAILABLE (CB)
WdgMtb: ACCESS InternalCL@REVCUT is AVAILABLE (CB)
WdgMtb: ACCESS cap_ends_popup@extrev_feature_popup@REVCUT is invisible (UI)
WdgMtb: ACCESS solid_surf_rg@REVCUT is invisible (UI)
WdgMtb: ACCESS remove_material_popup@extrev_feature_popup@REVCUT is invisible (UI)
WdgMtb: ACCESS thick_sketch_popup@extrev_feature_popup@REVCUT is invisible (UI)
WdgMtb: ACCESS DefineRmbBtn@extrev_feature_popup@REVCUT is invisible (UI)
WdgMtb: ACCESS SketchRmbBtn@extrev_feature_popup@REVCUT is invisible (UI)
WdgMtb: ACCESS InternalCL@REVCUT is invisible (UI)
WdgMtb: ACCESS cap_ends_popup@extrev_feature_popup@REVCUT is invisible (UI)
WdgMtb: ACCESS solid_surf_rg@REVCUT is invisible (UI)
WdgMtb: ACCESS remove_material_popup@extrev_feature_popup@REVCUT is invisible (UI)
WdgMtb: ACCESS thick_sketch_popup@extrev_feature_popup@REVCUT is invisible (UI)
WdgMtb: ACCESS DefineRmbBtn@extrev_feature_popup@REVCUT is invisible (UI)
WdgMtb: ACCESS SketchRmbBtn@extrev_feature_popup@REVCUT is invisible (UI)
WdgMtb: ACCESS InternalCL@REVCUT is invisible (UI)
WdgMtb: ACCESS cap_ends_popup@extrev_feature_popup@REVCUT is invisible (UI)
WdgMtb: ACCESS solid_surf_rg@REVCUT is invisible (UI)
WdgMtb: ACCESS remove_material_popup@extrev_feature_popup@REVCUT is invisible (UI)
WdgMtb: ACCESS thick_sketch_popup@extrev_feature_popup@REVCUT is invisible (UI)
WdgMtb: ACCESS DefineRmbBtn@extrev_feature_popup@REVCUT is invisible (UI)
WdgMtb: ACCESS SketchRmbBtn@extrev_feature_popup@REVCUT is invisible (UI)
WdgMtb: ACCESS InternalCL@REVCUT is invisible (UI)
WdgMtb: ACCESS cap_ends_popup@extrev_feature_popup@REVCUT is invisible (UI)
WdgMtb: ACCESS solid_surf_rg@REVCUT is invisible (UI)
WdgMtb: ACCESS remove_material_popup@extrev_feature_popup@REVCUT is invisible (UI)
WdgMtb: ACCESS thick_sketch_popup@extrev_feature_popup@REVCUT is invisible (UI)
WdgMtb: ACCESS DefineRmbBtn@extrev_feature_popup@REVCUT is invisible (UI)
WdgMtb: ACCESS SketchRmbBtn@extrev_feature_popup@REVCUT is invisible (UI)
WdgMtb: ACCESS InternalCL@REVCUT is invisible (UI)
WdgMtb: ACCESS cap_ends_popup@extrev_feature_popup@REVCUT is invisible (UI)
WdgMtb: ACCESS solid_surf_rg@REVCUT is invisible (UI)
WdgMtb: ACCESS remove_material_popup@extrev_feature_popup@REVCUT is invisible (UI)
WdgMtb: ACCESS thick_sketch_popup@extrev_feature_popup@REVCUT is invisible (UI)
WdgMtb: ACCESS DefineRmbBtn@extrev_feature_popup@REVCUT is invisible (UI)
WdgMtb: ACCESS SketchRmbBtn@extrev_feature_popup@REVCUT is invisible (UI)
WdgMtb: ACCESS InternalCL@REVCUT is invisible (UI)
WdgMtb: ACCESS cap_ends_popup@extrev_feature_popup@REVCUT is invisible (UI)
WdgMtb: ACCESS solid_surf_rg@REVCUT is invisible (UI)
WdgMtb: ACCESS remove_material_popup@extrev_feature_popup@REVCUT is invisible (UI)
WdgMtb: ACCESS thick_sketch_popup@extrev_feature_popup@REVCUT is invisible (UI)
WdgMtb: ACCESS DefineRmbBtn@extrev_feature_popup@REVCUT is invisible (UI)
WdgMtb: ACCESS SketchRmbBtn@extrev_feature_popup@REVCUT is invisible (UI)
WdgMtb: ACCESS InternalCL@REVCUT is invisible (UI)
WdgMtb: ACCESS cap_ends_popup@extrev_feature_popup@REVCUT is invisible (UI)
WdgMtb: ACCESS solid_surf_rg@REVCUT is invisible (UI)
WdgMtb: ACCESS remove_material_popup@extrev_feature_popup@REVCUT is invisible (UI)
WdgMtb: ACCESS thick_sketch_popup@extrev_feature_popup@REVCUT is invisible (UI)
WdgMtb: ACCESS DefineRmbBtn@extrev_feature_popup@REVCUT is invisible (UI)
WdgMtb: ACCESS SketchRmbBtn@extrev_feature_popup@REVCUT is invisible (UI)
WdgMtb: ACCESS InternalCL@REVCUT is invisible (UI)
WdgMtb: ACCESS cap_ends_popup@extrev_feature_popup@REVCUT is invisible (UI)
WdgMtb: ACCESS solid_surf_rg@REVCUT is invisible (UI)
WdgMtb: ACCESS remove_material_popup@extrev_feature_popup@REVCUT is invisible (UI)
WdgMtb: ACCESS thick_sketch_popup@extrev_feature_popup@REVCUT is invisible (UI)
WdgMtb: ACCESS DefineRmbBtn@extrev_feature_popup@REVCUT is invisible (UI)
WdgMtb: ACCESS SketchRmbBtn@extrev_feature_popup@REVCUT is invisible (UI)
WdgMtb: ACCESS InternalCL@REVCUT is invisible (UI)
WdgMtb: ACCESS cap_ends_popup@extrev_feature_popup@REVCUT is invisible (UI)
WdgMtb: ACCESS solid_surf_rg@REVCUT is invisible (UI)
WdgMtb: ACCESS remove_material_popup@extrev_feature_popup@REVCUT is invisible (UI)
WdgMtb: ACCESS thick_sketch_popup@extrev_feature_popup@REVCUT is invisible (UI)
WdgMtb: ACCESS DefineRmbBtn@extrev_feature_popup@REVCUT is invisible (UI)
WdgMtb: ACCESS SketchRmbBtn@extrev_feature_popup@REVCUT is invisible (UI)
WdgMtb: ACCESS InternalCL@REVCUT is invisible (UI)
WdgMtb: ACCESS cap_ends_popup@extrev_feature_popup@REVCUT is invisible (UI)
WdgMtb: ACCESS solid_surf_rg@REVCUT is invisible (UI)
WdgMtb: ACCESS remove_material_popup@extrev_feature_popup@REVCUT is invisible (UI)
WdgMtb: ACCESS thick_sketch_popup@extrev_feature_popup@REVCUT is invisible (UI)
WdgMtb: ACCESS DefineRmbBtn@extrev_feature_popup@REVCUT is invisible (UI)
WdgMtb: ACCESS SketchRmbBtn@extrev_feature_popup@REVCUT is invisible (UI)
WdgMtb: ACCESS InternalCL@REVCUT is invisible (UI)
WdgMtb: ACCESS cap_ends_popup@extrev_feature_popup@REVCUT is invisible (UI)
WdgMtb: ACCESS solid_surf_rg@REVCUT is invisible (UI)
WdgMtb: ACCESS remove_material_popup@extrev_feature_popup@REVCUT is invisible (UI)
WdgMtb: ACCESS thick_sketch_popup@extrev_feature_popup@REVCUT is invisible (UI)
WdgMtb: ACCESS DefineRmbBtn@extrev_feature_popup@REVCUT is invisible (UI)
WdgMtb: ACCESS SketchRmbBtn@extrev_feature_popup@REVCUT is invisible (UI)
WdgMtb: ACCESS InternalCL@REVCUT is invisible (UI)
WdgMtb: ACCESS cap_ends_popup@extrev_feature_popup@REVCUT is invisible (UI)
WdgMtb: ACCESS solid_surf_rg@REVCUT is invisible (UI)
WdgMtb: ACCESS remove_material_popup@extrev_feature_popup@REVCUT is invisible (UI)
WdgMtb: ACCESS thick_sketch_popup@extrev_feature_popup@REVCUT is invisible (UI)
WdgMtb: ACCESS DefineRmbBtn@extrev_feature_popup@REVCUT is invisible (UI)
WdgMtb: ACCESS SketchRmbBtn@extrev_feature_popup@REVCUT is invisible (UI)
WdgMtb: ACCESS InternalCL@REVCUT is invisible (UI)
WdgMtb: ACCESS cap_ends_popup@extrev_feature_popup@REVCUT is invisible (UI)
WdgMtb: ACCESS solid_surf_rg@REVCUT is invisible (UI)
WdgMtb: ACCESS remove_material_popup@extrev_feature_popup@REVCUT is invisible (UI)
WdgMtb: ACCESS thick_sketch_popup@extrev_feature_popup@REVCUT is invisible (UI)
WdgMtb: ACCESS DefineRmbBtn@extrev_feature_popup@REVCUT is invisible (UI)
WdgMtb: ACCESS SketchRmbBtn@extrev_feature_popup@REVCUT is invisible (UI)
WdgMtb: ACCESS InternalCL@REVCUT is invisible (UI)
WdgMtb: ACCESS cap_ends_popup@extrev_feature_popup@REVCUT is invisible (UI)
WdgMtb: ACCESS solid_surf_rg@REVCUT is invisible (UI)
WdgMtb: ACCESS remove_material_popup@extrev_feature_popup@REVCUT is invisible (UI)
WdgMtb: ACCESS thick_sketch_popup@extrev_feature_popup@REVCUT is invisible (UI)
WdgMtb: ACCESS DefineRmbBtn@extrev_feature_popup@REVCUT is invisible (UI)
WdgMtb: ACCESS SketchRmbBtn@extrev_feature_popup@REVCUT is invisible (UI)
WdgMtb: ACCESS InternalCL@REVCUT is invisible (UI)
WdgMtb: ACCESS cap_ends_popup@extrev_feature_popup@REVCUT is invisible (UI)
WdgMtb: ACCESS solid_surf_rg@REVCUT is invisible (UI)
WdgMtb: ACCESS remove_material_popup@extrev_feature_popup@REVCUT is invisible (UI)
WdgMtb: ACCESS thick_sketch_popup@extrev_feature_popup@REVCUT is invisible (UI)
WdgMtb: ACCESS DefineRmbBtn@extrev_feature_popup@REVCUT is invisible (UI)
WdgMtb: ACCESS SketchRmbBtn@extrev_feature_popup@REVCUT is invisible (UI)
WdgMtb: ACCESS InternalCL@REVCUT is invisible (UI)
WdgMtb: ACCESS cap_ends_popup@extrev_feature_popup@REVCUT is invisible (UI)
WdgMtb: ACCESS solid_surf_rg@REVCUT is invisible (UI)
WdgMtb: ACCESS remove_material_popup@extrev_feature_popup@REVCUT is invisible (UI)
WdgMtb: ACCESS thick_sketch_popup@extrev_feature_popup@REVCUT is invisible (UI)
WdgMtb: ACCESS DefineRmbBtn@extrev_feature_popup@REVCUT is invisible (UI)
WdgMtb: ACCESS SketchRmbBtn@extrev_feature_popup@REVCUT is invisible (UI)
WdgMtb: ACCESS InternalCL@REVCUT is invisible (UI)
WdgMtb: ACCESS cap_ends_popup@extrev_feature_popup@REVCUT is invisible (UI)
WdgMtb: ACCESS solid_surf_rg@REVCUT is invisible (UI)
WdgMtb: ACCESS remove_material_popup@extrev_feature_popup@REVCUT is invisible (UI)
WdgMtb: ACCESS thick_sketch_popup@extrev_feature_popup@REVCUT is invisible (UI)
WdgMtb: ACCESS DefineRmbBtn@extrev_feature_popup@REVCUT is invisible (UI)
WdgMtb: ACCESS SketchRmbBtn@extrev_feature_popup@REVCUT is invisible (UI)
WdgMtb: ACCESS InternalCL@REVCUT is invisible (UI)
WdgMtb: ACCESS cap_ends_popup@extrev_feature_popup@REVCUT is invisible (UI)
WdgMtb: ACCESS solid_surf_rg@REVCUT is invisible (UI)
WdgMtb: ACCESS remove_material_popup@extrev_feature_popup@REVCUT is invisible (UI)
WdgMtb: ACCESS thick_sketch_popup@extrev_feature_popup@REVCUT is invisible (UI)
WdgMtb: ACCESS DefineRmbBtn@extrev_feature_popup@REVCUT is invisible (UI)
WdgMtb: ACCESS SketchRmbBtn@extrev_feature_popup@REVCUT is invisible (UI)
WdgMtb: ACCESS InternalCL@REVCUT is invisible (UI)
WdgMtb: ACCESS cap_ends_popup@extrev_feature_popup@REVCUT is invisible (UI)
WdgMtb: ACCESS solid_surf_rg@REVCUT is invisible (UI)
WdgMtb: ACCESS remove_material_popup@extrev_feature_popup@REVCUT is invisible (UI)
WdgMtb: ACCESS thick_sketch_popup@extrev_feature_popup@REVCUT is invisible (UI)
WdgMtb: ACCESS DefineRmbBtn@extrev_feature_popup@REVCUT is invisible (UI)
WdgMtb: ACCESS SketchRmbBtn@extrev_feature_popup@REVCUT is invisible (UI)
WdgMtb: ACCESS InternalCL@REVCUT is invisible (UI)
WdgMtb: ACCESS cap_ends_popup@extrev_feature_popup@REVCUT is invisible (UI)
WdgMtb: ACCESS solid_surf_rg@REVCUT is invisible (UI)
WdgMtb: ACCESS remove_material_popup@extrev_feature_popup@REVCUT is invisible (UI)
WdgMtb: ACCESS thick_sketch_popup@extrev_feature_popup@REVCUT is invisible (UI)
WdgMtb: ACCESS DefineRmbBtn@extrev_feature_popup@REVCUT is invisible (UI)
WdgMtb: ACCESS SketchRmbBtn@extrev_feature_popup@REVCUT is invisible (UI)
WdgMtb: ACCESS InternalCL@REVCUT is invisible (UI)
WdgMtb: ACCESS cap_ends_popup@extrev_feature_popup@REVCUT is invisible (UI)
WdgMtb: ACCESS solid_surf_rg@REVCUT is invisible (UI)
WdgMtb: ACCESS remove_material_popup@extrev_feature_popup@REVCUT is invisible (UI)
WdgMtb: ACCESS thick_sketch_popup@extrev_feature_popup@REVCUT is invisible (UI)
WdgMtb: ACCESS DefineRmbBtn@extrev_feature_popup@REVCUT is invisible (UI)
WdgMtb: ACCESS SketchRmbBtn@extrev_feature_popup@REVCUT is invisible (UI)
WdgMtb: ACCESS InternalCL@REVCUT is invisible (UI)
WdgMtb: ACCESS cap_ends_popup@extrev_feature_popup@REVCUT is invisible (UI)
WdgMtb: ACCESS solid_surf_rg@REVCUT is invisible (UI)
WdgMtb: ACCESS remove_material_popup@extrev_feature_popup@REVCUT is invisible (UI)
WdgMtb: ACCESS thick_sketch_popup@extrev_feature_popup@REVCUT is invisible (UI)
WdgMtb: ACCESS DefineRmbBtn@extrev_feature_popup@REVCUT is invisible (UI)
WdgMtb: ACCESS SketchRmbBtn@extrev_feature_popup@REVCUT is invisible (UI)
WdgMtb: ACCESS InternalCL@REVCUT is invisible (UI)
WdgMtb: ACCESS cap_ends_popup@extrev_feature_popup@REVCUT is invisible (UI)
WdgMtb: ACCESS solid_surf_rg@REVCUT is invisible (UI)
WdgMtb: ACCESS remove_material_popup@extrev_feature_popup@REVCUT is invisible (UI)
WdgMtb: ACCESS thick_sketch_popup@extrev_feature_popup@REVCUT is invisible (UI)
WdgMtb: ACCESS DefineRmbBtn@extrev_feature_popup@REVCUT is invisible (UI)
WdgMtb: ACCESS SketchRmbBtn@extrev_feature_popup@REVCUT is invisible (UI)
WdgMtb: ACCESS InternalCL@REVCUT is invisible (UI)
WdgMtb: ACCESS cap_ends_popup@extrev_feature_popup@REVCUT is invisible (UI)
WdgMtb: ACCESS solid_surf_rg@REVCUT is invisible (UI)
WdgMtb: ACCESS remove_material_popup@extrev_feature_popup@REVCUT is invisible (UI)
WdgMtb: ACCESS thick_sketch_popup@extrev_feature_popup@REVCUT is invisible (UI)
WdgMtb: ACCESS DefineRmbBtn@extrev_feature_popup@REVCUT is invisible (UI)
WdgMtb: ACCESS SketchRmbBtn@extrev_feature_popup@REVCUT is invisible (UI)
WdgMtb: ACCESS InternalCL@REVCUT is invisible (UI)
WdgMtb: ACCESS cap_ends_popup@extrev_feature_popup@REVCUT is invisible (UI)
WdgMtb: ACCESS solid_surf_rg@REVCUT is invisible (UI)
WdgMtb: ACCESS remove_material_popup@extrev_feature_popup@REVCUT is invisible (UI)
WdgMtb: ACCESS thick_sketch_popup@extrev_feature_popup@REVCUT is invisible (UI)
WdgMtb: ACCESS DefineRmbBtn@extrev_feature_popup@REVCUT is invisible (UI)
WdgMtb: ACCESS SketchRmbBtn@extrev_feature_popup@REVCUT is invisible (UI)
WdgMtb: ACCESS InternalCL@REVCUT is invisible (UI)
WdgMtb: ACCESS cap_ends_popup@extrev_feature_popup@REVCUT is invisible (UI)
WdgMtb: ACCESS solid_surf_rg@REVCUT is invisible (UI)
WdgMtb: ACCESS remove_material_popup@extrev_feature_popup@REVCUT is invisible (UI)
WdgMtb: ACCESS thick_sketch_popup@extrev_feature_popup@REVCUT is invisible (UI)
WdgMtb: ACCESS DefineRmbBtn@extrev_feature_popup@REVCUT is invisible (UI)
WdgMtb: ACCESS SketchRmbBtn@extrev_feature_popup@REVCUT is invisible (UI)
WdgMtb: ACCESS InternalCL@REVCUT is invisible (UI)
WdgMtb: ACCESS cap_ends_popup@extrev_feature_popup@REVCUT is invisible (UI)
WdgMtb: ACCESS solid_surf_rg@REVCUT is invisible (UI)
WdgMtb: ACCESS remove_material_popup@extrev_feature_popup@REVCUT is invisible (UI)
WdgMtb: ACCESS thick_sketch_popup@extrev_feature_popup@REVCUT is invisible (UI)
WdgMtb: ACCESS DefineRmbBtn@extrev_feature_popup@REVCUT is invisible (UI)
WdgMtb: ACCESS SketchRmbBtn@extrev_feature_popup@REVCUT is invisible (UI)
WdgMtb: ACCESS InternalCL@REVCUT is invisible (UI)
WdgMtb: ACCESS cap_ends_popup@extrev_feature_popup@REVCUT is invisible (UI)
WdgMtb: ACCESS solid_surf_rg@REVCUT is invisible (UI)
WdgMtb: ACCESS remove_material_popup@extrev_feature_popup@REVCUT is invisible (UI)
WdgMtb: ACCESS thick_sketch_popup@extrev_feature_popup@REVCUT is invisible (UI)
WdgMtb: ACCESS DefineRmbBtn@extrev_feature_popup@REVCUT is invisible (UI)
WdgMtb: ACCESS SketchRmbBtn@extrev_feature_popup@REVCUT is invisible (UI)
WdgMtb: ACCESS InternalCL@REVCUT is invisible (UI)
WdgMtb: ACCESS cap_ends_popup@extrev_feature_popup@REVCUT is invisible (UI)
WdgMtb: ACCESS solid_surf_rg@REVCUT is invisible (UI)
WdgMtb: ACCESS remove_material_popup@extrev_feature_popup@REVCUT is invisible (UI)
WdgMtb: ACCESS thick_sketch_popup@extrev_feature_popup@REVCUT is invisible (UI)
WdgMtb: ACCESS DefineRmbBtn@extrev_feature_popup@REVCUT is invisible (UI)
WdgMtb: ACCESS SketchRmbBtn@extrev_feature_popup@REVCUT is invisible (UI)
WdgMtb: ACCESS InternalCL@REVCUT is invisible (UI)
WdgMtb: ACCESS cap_ends_popup@extrev_feature_popup@REVCUT is invisible (UI)
WdgMtb: ACCESS solid_surf_rg@REVCUT is invisible (UI)
WdgMtb: ACCESS remove_material_popup@extrev_feature_popup@REVCUT is invisible (UI)
WdgMtb: ACCESS thick_sketch_popup@extrev_feature_popup@REVCUT is invisible (UI)
WdgMtb: ACCESS DefineRmbBtn@extrev_feature_popup@REVCUT is invisible (UI)
WdgMtb: ACCESS SketchRmbBtn@extrev_feature_popup@REVCUT is invisible (UI)
WdgMtb: ACCESS InternalCL@REVCUT is invisible (UI)
WdgMtb: ACCESS cap_ends_popup@extrev_feature_popup@REVCUT is invisible (UI)
WdgMtb: ACCESS solid_surf_rg@REVCUT is invisible (UI)
WdgMtb: ACCESS remove_material_popup@extrev_feature_popup@REVCUT is invisible (UI)
WdgMtb: ACCESS thick_sketch_popup@extrev_feature_popup@REVCUT is invisible (UI)
WdgMtb: ACCESS DefineRmbBtn@extrev_feature_popup@REVCUT is invisible (UI)
WdgMtb: ACCESS SketchRmbBtn@extrev_feature_popup@REVCUT is invisible (UI)
WdgMtb: ACCESS InternalCL@REVCUT is invisible (UI)
WdgMtb: ACCESS cap_ends_popup@extrev_feature_popup@REVCUT is invisible (UI)
WdgMtb: ACCESS solid_surf_rg@REVCUT is invisible (UI)
WdgMtb: ACCESS remove_material_popup@extrev_feature_popup@REVCUT is invisible (UI)
WdgMtb: ACCESS thick_sketch_popup@extrev_feature_popup@REVCUT is invisible (UI)
WdgMtb: ACCESS DefineRmbBtn@extrev_feature_popup@REVCUT is invisible (UI)
WdgMtb: ACCESS SketchRmbBtn@extrev_feature_popup@REVCUT is invisible (UI)
WdgMtb: ACCESS InternalCL@REVCUT is invisible (UI)
WdgMtb: ACCESS cap_ends_popup@extrev_feature_popup@REVCUT is invisible (UI)
WdgMtb: ACCESS solid_surf_rg@REVCUT is invisible (UI)
WdgMtb: ACCESS remove_material_popup@extrev_feature_popup@REVCUT is invisible (UI)
WdgMtb: ACCESS thick_sketch_popup@extrev_feature_popup@REVCUT is invisible (UI)
WdgMtb: ACCESS DefineRmbBtn@extrev_feature_popup@REVCUT is invisible (UI)
WdgMtb: ACCESS SketchRmbBtn@extrev_feature_popup@REVCUT is invisible (UI)
WdgMtb: ACCESS InternalCL@REVCUT is invisible (UI)
WdgMtb: ACCESS cap_ends_popup@extrev_feature_popup@REVCUT is invisible (UI)
WdgMtb: ACCESS solid_surf_rg@REVCUT is invisible (UI)
WdgMtb: ACCESS remove_material_popup@extrev_feature_popup@REVCUT is invisible (UI)
WdgMtb: ACCESS thick_sketch_popup@extrev_feature_popup@REVCUT is invisible (UI)
WdgMtb: ACCESS DefineRmbBtn@extrev_feature_popup@REVCUT is invisible (UI)
WdgMtb: ACCESS SketchRmbBtn@extrev_feature_popup@REVCUT is invisible (UI)
WdgMtb: ACCESS InternalCL@REVCUT is invisible (UI)
WdgMtb: ACCESS cap_ends_popup@extrev_feature_popup@REVCUT is invisible (UI)
WdgMtb: ACCESS solid_surf_rg@REVCUT is AVAILABLE (CB)
WdgMtb: ACCESS remove_material_popup@extrev_feature_popup@REVCUT is AVAILABLE (CB)
WdgMtb: ACCESS thick_sketch_popup@extrev_feature_popup@REVCUT is AVAILABLE (CB)
WdgMtb: ACCESS DefineRmbBtn@extrev_feature_popup@REVCUT is invisible (UI)
WdgMtb: ACCESS SketchRmbBtn@extrev_feature_popup@REVCUT is AVAILABLE (CB)
WdgMtb: ACCESS InternalCL@REVCUT is AVAILABLE (CB)
WdgMtb: ACCESS cap_ends_popup@extrev_feature_popup@REVCUT is invisible (UI)
WdgMtb: ACCESS solid_surf_rg@REVCUT is AVAILABLE (CB)
WdgMtb: ACCESS remove_material_popup@extrev_feature_popup@REVCUT is AVAILABLE (CB)
WdgMtb: ACCESS thick_sketch_popup@extrev_feature_popup@REVCUT is AVAILABLE (CB)
WdgMtb: ACCESS DefineRmbBtn@extrev_feature_popup@REVCUT is invisible (UI)
WdgMtb: ACCESS SketchRmbBtn@extrev_feature_popup@REVCUT is AVAILABLE (CB)
WdgMtb: ACCESS InternalCL@REVCUT is AVAILABLE (CB)
WdgMtb: ACCESS cap_ends_popup@extrev_feature_popup@REVCUT is invisible (UI)
WdgMtb: ACCESS solid_surf_rg@REVCUT is AVAILABLE (CB)
WdgMtb: ACCESS remove_material_popup@extrev_feature_popup@REVCUT is AVAILABLE (CB)
WdgMtb: ACCESS thick_sketch_popup@extrev_feature_popup@REVCUT is AVAILABLE (CB)
WdgMtb: ACCESS DefineRmbBtn@extrev_feature_popup@REVCUT is invisible (UI)
WdgMtb: ACCESS SketchRmbBtn@extrev_feature_popup@REVCUT is AVAILABLE (CB)
WdgMtb: ACCESS InternalCL@REVCUT is AVAILABLE (CB)
WdgMtb: ACCESS cap_ends_popup@extrev_feature_popup@REVCUT is invisible (UI)
WdgMtb: ACCESS solid_surf_rg@REVCUT is AVAILABLE (CB)
WdgMtb: ACCESS remove_material_popup@extrev_feature_popup@REVCUT is AVAILABLE (CB)
WdgMtb: ACCESS thick_sketch_popup@extrev_feature_popup@REVCUT is AVAILABLE (CB)
WdgMtb: ACCESS DefineRmbBtn@extrev_feature_popup@REVCUT is invisible (UI)
WdgMtb: ACCESS SketchRmbBtn@extrev_feature_popup@REVCUT is AVAILABLE (CB)
WdgMtb: ACCESS InternalCL@REVCUT is AVAILABLE (CB)
WdgMtb: ACCESS cap_ends_popup@extrev_feature_popup@REVCUT is invisible (UI)
WdgMtb: ACCESS solid_surf_rg@REVCUT is AVAILABLE (CB)
WdgMtb: ACCESS remove_material_popup@extrev_feature_popup@REVCUT is AVAILABLE (CB)
WdgMtb: ACCESS thick_sketch_popup@extrev_feature_popup@REVCUT is AVAILABLE (CB)
WdgMtb: ACCESS DefineRmbBtn@extrev_feature_popup@REVCUT is invisible (UI)
WdgMtb: ACCESS SketchRmbBtn@extrev_feature_popup@REVCUT is AVAILABLE (CB)
WdgMtb: ACCESS InternalCL@REVCUT is AVAILABLE (CB)
WdgMtb: ACCESS cap_ends_popup@extrev_feature_popup@REVCUT is invisible (UI)
WdgMtb: ACCESS solid_surf_rg@REVCUT is AVAILABLE (CB)
WdgMtb: ACCESS remove_material_popup@extrev_feature_popup@REVCUT is AVAILABLE (CB)
WdgMtb: ACCESS thick_sketch_popup@extrev_feature_popup@REVCUT is AVAILABLE (CB)
WdgMtb: ACCESS DefineRmbBtn@extrev_feature_popup@REVCUT is invisible (UI)
WdgMtb: ACCESS SketchRmbBtn@extrev_feature_popup@REVCUT is AVAILABLE (CB)
WdgMtb: ACCESS InternalCL@REVCUT is AVAILABLE (CB)
WdgMtb: ACCESS cap_ends_popup@extrev_feature_popup@REVCUT is invisible (UI)
WdgMtb: ACCESS solid_surf_rg@REVCUT is AVAILABLE (CB)
WdgMtb: ACCESS remove_material_popup@extrev_feature_popup@REVCUT is AVAILABLE (CB)
WdgMtb: ACCESS thick_sketch_popup@extrev_feature_popup@REVCUT is AVAILABLE (CB)
WdgMtb: ACCESS DefineRmbBtn@extrev_feature_popup@REVCUT is invisible (UI)
WdgMtb: ACCESS SketchRmbBtn@extrev_feature_popup@REVCUT is AVAILABLE (CB)
WdgMtb: ACCESS InternalCL@REVCUT is AVAILABLE (CB)
WdgMtb: ACCESS cap_ends_popup@extrev_feature_popup@REVCUT is invisible (UI)
WdgMtb: ACCESS solid_surf_rg@REVCUT is AVAILABLE (CB)
WdgMtb: ACCESS remove_material_popup@extrev_feature_popup@REVCUT is AVAILABLE (CB)
WdgMtb: ACCESS thick_sketch_popup@extrev_feature_popup@REVCUT is AVAILABLE (CB)
WdgMtb: ACCESS DefineRmbBtn@extrev_feature_popup@REVCUT is invisible (UI)
WdgMtb: ACCESS SketchRmbBtn@extrev_feature_popup@REVCUT is AVAILABLE (CB)
WdgMtb: ACCESS InternalCL@REVCUT is AVAILABLE (CB)
WdgMtb: ACCESS cap_ends_popup@extrev_feature_popup@REVCUT is invisible (UI)
WdgMtb: ACCESS solid_surf_rg@REVCUT is AVAILABLE (CB)
WdgMtb: ACCESS remove_material_popup@extrev_feature_popup@REVCUT is AVAILABLE (CB)
WdgMtb: ACCESS thick_sketch_popup@extrev_feature_popup@REVCUT is AVAILABLE (CB)
WdgMtb: ACCESS DefineRmbBtn@extrev_feature_popup@REVCUT is invisible (UI)
WdgMtb: ACCESS SketchRmbBtn@extrev_feature_popup@REVCUT is AVAILABLE (CB)
WdgMtb: ACCESS InternalCL@REVCUT is AVAILABLE (CB)
WdgMtb: ACCESS cap_ends_popup@extrev_feature_popup@REVCUT is invisible (UI)
WdgMtb: ACCESS solid_surf_rg@REVCUT is AVAILABLE (CB)
WdgMtb: ACCESS remove_material_popup@extrev_feature_popup@REVCUT is AVAILABLE (CB)
WdgMtb: ACCESS thick_sketch_popup@extrev_feature_popup@REVCUT is AVAILABLE (CB)
WdgMtb: ACCESS DefineRmbBtn@extrev_feature_popup@REVCUT is invisible (UI)
WdgMtb: ACCESS SketchRmbBtn@extrev_feature_popup@REVCUT is AVAILABLE (CB)
WdgMtb: ACCESS InternalCL@REVCUT is AVAILABLE (CB)
WdgMtb: ACCESS cap_ends_popup@extrev_feature_popup@REVCUT is invisible (UI)
WdgMtb: ACCESS solid_surf_rg@REVCUT is AVAILABLE (CB)
WdgMtb: ACCESS remove_material_popup@extrev_feature_popup@REVCUT is AVAILABLE (CB)
WdgMtb: ACCESS thick_sketch_popup@extrev_feature_popup@REVCUT is AVAILABLE (CB)
WdgMtb: ACCESS DefineRmbBtn@extrev_feature_popup@REVCUT is invisible (UI)
WdgMtb: ACCESS SketchRmbBtn@extrev_feature_popup@REVCUT is AVAILABLE (CB)
WdgMtb: ACCESS InternalCL@REVCUT is AVAILABLE (CB)
WdgMtb: ACCESS cap_ends_popup@extrev_feature_popup@REVCUT is invisible (UI)
WdgMtb: ACCESS solid_surf_rg@REVCUT is AVAILABLE (CB)
WdgMtb: ACCESS remove_material_popup@extrev_feature_popup@REVCUT is AVAILABLE (CB)
WdgMtb: ACCESS thick_sketch_popup@extrev_feature_popup@REVCUT is AVAILABLE (CB)
WdgMtb: ACCESS DefineRmbBtn@extrev_feature_popup@REVCUT is invisible (UI)
WdgMtb: ACCESS SketchRmbBtn@extrev_feature_popup@REVCUT is AVAILABLE (CB)
WdgMtb: ACCESS InternalCL@REVCUT is AVAILABLE (CB)
WdgMtb: ACCESS cap_ends_popup@extrev_feature_popup@REVCUT is invisible (UI)
WdgMtb: ACCESS solid_surf_rg@REVCUT is AVAILABLE (CB)
WdgMtb: ACCESS remove_material_popup@extrev_feature_popup@REVCUT is AVAILABLE (CB)
WdgMtb: ACCESS thick_sketch_popup@extrev_feature_popup@REVCUT is AVAILABLE (CB)
WdgMtb: ACCESS DefineRmbBtn@extrev_feature_popup@REVCUT is invisible (UI)
WdgMtb: ACCESS SketchRmbBtn@extrev_feature_popup@REVCUT is AVAILABLE (CB)
WdgMtb: ACCESS InternalCL@REVCUT is AVAILABLE (CB)
WdgMtb: ACCESS cap_ends_popup@extrev_feature_popup@REVCUT is invisible (UI)
WdgMtb: ACCESS solid_surf_rg@REVCUT is AVAILABLE (CB)
WdgMtb: ACCESS remove_material_popup@extrev_feature_popup@REVCUT is AVAILABLE (CB)
WdgMtb: ACCESS thick_sketch_popup@extrev_feature_popup@REVCUT is AVAILABLE (CB)
WdgMtb: ACCESS DefineRmbBtn@extrev_feature_popup@REVCUT is invisible (UI)
WdgMtb: ACCESS SketchRmbBtn@extrev_feature_popup@REVCUT is AVAILABLE (CB)
WdgMtb: ACCESS InternalCL@REVCUT is AVAILABLE (CB)
WdgMtb: ACCESS cap_ends_popup@extrev_feature_popup@REVCUT is invisible (UI)
WdgMtb: ACCESS solid_surf_rg@REVCUT is AVAILABLE (CB)
WdgMtb: ACCESS remove_material_popup@extrev_feature_popup@REVCUT is AVAILABLE (CB)
WdgMtb: ACCESS thick_sketch_popup@extrev_feature_popup@REVCUT is AVAILABLE (CB)
WdgMtb: ACCESS DefineRmbBtn@extrev_feature_popup@REVCUT is invisible (UI)
WdgMtb: ACCESS SketchRmbBtn@extrev_feature_popup@REVCUT is AVAILABLE (CB)
WdgMtb: ACCESS InternalCL@REVCUT is AVAILABLE (CB)
WdgMtb: ACCESS cap_ends_popup@extrev_feature_popup@REVCUT is invisible (UI)
WdgMtb: ACCESS solid_surf_rg@REVOLUTION is AVAILABLE (CB)
WdgMtb: ACCESS remove_material_popup@extrev_feature_popup@REVOLUTION is AVAILABLE (CB)
WdgMtb: ACCESS thick_sketch_popup@extrev_feature_popup@REVOLUTION is AVAILABLE (CB)
WdgMtb: ACCESS DefineRmbBtn@extrev_feature_popup@REVOLUTION is invisible (UI)
WdgMtb: ACCESS SketchRmbBtn@extrev_feature_popup@REVOLUTION is AVAILABLE (CB)
WdgMtb: ACCESS InternalCL@REVOLUTION is AVAILABLE (CB)
WdgMtb: ACCESS cap_ends_popup@extrev_feature_popup@REVOLUTION is invisible (UI)
WdgMtb: ACCESS solid_surf_rg@REVOLUTION is AVAILABLE (CB)
WdgMtb: ACCESS remove_material_popup@extrev_feature_popup@REVOLUTION is AVAILABLE (CB)
WdgMtb: ACCESS thick_sketch_popup@extrev_feature_popup@REVOLUTION is AVAILABLE (CB)
WdgMtb: ACCESS DefineRmbBtn@extrev_feature_popup@REVOLUTION is invisible (UI)
WdgMtb: ACCESS SketchRmbBtn@extrev_feature_popup@REVOLUTION is AVAILABLE (CB)
WdgMtb: ACCESS InternalCL@REVOLUTION is AVAILABLE (CB)
WdgMtb: ACCESS cap_ends_popup@extrev_feature_popup@REVOLUTION is invisible (UI)
WdgMtb: ACCESS solid_surf_rg@REVOLUTION is AVAILABLE (CB)
WdgMtb: ACCESS remove_material_popup@extrev_feature_popup@REVOLUTION is AVAILABLE (CB)
WdgMtb: ACCESS thick_sketch_popup@extrev_feature_popup@REVOLUTION is AVAILABLE (CB)
WdgMtb: ACCESS DefineRmbBtn@extrev_feature_popup@REVOLUTION is invisible (UI)
WdgMtb: ACCESS SketchRmbBtn@extrev_feature_popup@REVOLUTION is AVAILABLE (CB)
WdgMtb: ACCESS InternalCL@REVOLUTION is AVAILABLE (CB)
WdgMtb: ACCESS cap_ends_popup@extrev_feature_popup@REVOLUTION is invisible (UI)
WdgMtb: ACCESS solid_surf_rg@REVOLUTION is AVAILABLE (CB)
WdgMtb: ACCESS remove_material_popup@extrev_feature_popup@REVOLUTION is AVAILABLE (CB)
WdgMtb: ACCESS thick_sketch_popup@extrev_feature_popup@REVOLUTION is AVAILABLE (CB)
WdgMtb: ACCESS DefineRmbBtn@extrev_feature_popup@REVOLUTION is invisible (UI)
WdgMtb: ACCESS SketchRmbBtn@extrev_feature_popup@REVOLUTION is AVAILABLE (CB)
WdgMtb: ACCESS InternalCL@REVOLUTION is AVAILABLE (CB)
WdgMtb: ACCESS cap_ends_popup@extrev_feature_popup@REVOLUTION is invisible (UI)
WdgMtb: ACCESS solid_surf_rg@REVOLUTION is AVAILABLE (CB)
WdgMtb: ACCESS remove_material_popup@extrev_feature_popup@REVOLUTION is AVAILABLE (CB)
WdgMtb: ACCESS thick_sketch_popup@extrev_feature_popup@REVOLUTION is AVAILABLE (CB)
WdgMtb: ACCESS DefineRmbBtn@extrev_feature_popup@REVOLUTION is invisible (UI)
WdgMtb: ACCESS SketchRmbBtn@extrev_feature_popup@REVOLUTION is AVAILABLE (CB)
WdgMtb: ACCESS InternalCL@REVOLUTION is AVAILABLE (CB)
WdgMtb: ACCESS cap_ends_popup@extrev_feature_popup@REVOLUTION is invisible (UI)
WdgMtb: ACCESS solid_surf_rg@REVOLUTION is AVAILABLE (CB)
WdgMtb: ACCESS remove_material_popup@extrev_feature_popup@REVOLUTION is AVAILABLE (CB)
WdgMtb: ACCESS thick_sketch_popup@extrev_feature_popup@REVOLUTION is AVAILABLE (CB)
WdgMtb: ACCESS DefineRmbBtn@extrev_feature_popup@REVOLUTION is invisible (UI)
WdgMtb: ACCESS SketchRmbBtn@extrev_feature_popup@REVOLUTION is AVAILABLE (CB)
WdgMtb: ACCESS InternalCL@REVOLUTION is AVAILABLE (CB)
WdgMtb: ACCESS cap_ends_popup@extrev_feature_popup@REVOLUTION is invisible (UI)
WdgMtb: ACCESS solid_surf_rg@REVOLUTION is AVAILABLE (CB)
WdgMtb: ACCESS remove_material_popup@extrev_feature_popup@REVOLUTION is AVAILABLE (CB)
WdgMtb: ACCESS thick_sketch_popup@extrev_feature_popup@REVOLUTION is AVAILABLE (CB)
WdgMtb: ACCESS DefineRmbBtn@extrev_feature_popup@REVOLUTION is invisible (UI)
WdgMtb: ACCESS SketchRmbBtn@extrev_feature_popup@REVOLUTION is AVAILABLE (CB)
WdgMtb: ACCESS InternalCL@REVOLUTION is AVAILABLE (CB)
WdgMtb: ACCESS cap_ends_popup@extrev_feature_popup@REVOLUTION is invisible (UI)
WdgMtb: ACCESS solid_surf_rg@REVOLUTION is AVAILABLE (CB)
WdgMtb: ACCESS remove_material_popup@extrev_feature_popup@REVOLUTION is AVAILABLE (CB)
WdgMtb: ACCESS thick_sketch_popup@extrev_feature_popup@REVOLUTION is AVAILABLE (CB)
WdgMtb: ACCESS DefineRmbBtn@extrev_feature_popup@REVOLUTION is invisible (UI)
WdgMtb: ACCESS SketchRmbBtn@extrev_feature_popup@REVOLUTION is AVAILABLE (CB)
WdgMtb: ACCESS InternalCL@REVOLUTION is AVAILABLE (CB)
WdgMtb: ACCESS cap_ends_popup@extrev_feature_popup@REVOLUTION is invisible (UI)
WdgMtb: ACCESS solid_surf_rg@REVOLUTION is AVAILABLE (CB)
WdgMtb: ACCESS remove_material_popup@extrev_feature_popup@REVOLUTION is AVAILABLE (CB)
WdgMtb: ACCESS thick_sketch_popup@extrev_feature_popup@REVOLUTION is AVAILABLE (CB)
WdgMtb: ACCESS DefineRmbBtn@extrev_feature_popup@REVOLUTION is invisible (UI)
WdgMtb: ACCESS SketchRmbBtn@extrev_feature_popup@REVOLUTION is AVAILABLE (CB)
WdgMtb: ACCESS InternalCL@REVOLUTION is AVAILABLE (CB)
WdgMtb: ACCESS cap_ends_popup@extrev_feature_popup@REVOLUTION is invisible (UI)
WdgMtb: ACCESS solid_surf_rg@REVOLUTION is AVAILABLE (CB)
WdgMtb: ACCESS remove_material_popup@extrev_feature_popup@REVOLUTION is AVAILABLE (CB)
WdgMtb: ACCESS thick_sketch_popup@extrev_feature_popup@REVOLUTION is AVAILABLE (CB)
WdgMtb: ACCESS DefineRmbBtn@extrev_feature_popup@REVOLUTION is invisible (UI)
WdgMtb: ACCESS SketchRmbBtn@extrev_feature_popup@REVOLUTION is AVAILABLE (CB)
WdgMtb: ACCESS InternalCL@REVOLUTION is AVAILABLE (CB)
WdgMtb: ACCESS cap_ends_popup@extrev_feature_popup@REVOLUTION is invisible (UI)
WdgMtb: ACCESS solid_surf_rg@REVOLUTION is AVAILABLE (CB)
WdgMtb: ACCESS remove_material_popup@extrev_feature_popup@REVOLUTION is AVAILABLE (CB)
WdgMtb: ACCESS thick_sketch_popup@extrev_feature_popup@REVOLUTION is AVAILABLE (CB)
WdgMtb: ACCESS DefineRmbBtn@extrev_feature_popup@REVOLUTION is invisible (UI)
WdgMtb: ACCESS SketchRmbBtn@extrev_feature_popup@REVOLUTION is AVAILABLE (CB)
WdgMtb: ACCESS InternalCL@REVOLUTION is AVAILABLE (CB)
WdgMtb: ACCESS cap_ends_popup@extrev_feature_popup@REVOLUTION is invisible (UI)
WdgMtb: ACCESS solid_surf_rg@REVOLUTION is AVAILABLE (CB)
WdgMtb: ACCESS remove_material_popup@extrev_feature_popup@REVOLUTION is AVAILABLE (CB)
WdgMtb: ACCESS thick_sketch_popup@extrev_feature_popup@REVOLUTION is AVAILABLE (CB)
WdgMtb: ACCESS DefineRmbBtn@extrev_feature_popup@REVOLUTION is invisible (UI)
WdgMtb: ACCESS SketchRmbBtn@extrev_feature_popup@REVOLUTION is AVAILABLE (CB)
WdgMtb: ACCESS InternalCL@REVOLUTION is AVAILABLE (CB)
WdgMtb: ACCESS cap_ends_popup@extrev_feature_popup@REVOLUTION is invisible (UI)
WdgMtb: ACCESS solid_surf_rg@REVOLUTION is invisible (UI)
WdgMtb: ACCESS remove_material_popup@extrev_feature_popup@REVOLUTION is invisible (UI)
WdgMtb: ACCESS thick_sketch_popup@extrev_feature_popup@REVOLUTION is invisible (UI)
WdgMtb: ACCESS DefineRmbBtn@extrev_feature_popup@REVOLUTION is invisible (UI)
WdgMtb: ACCESS SketchRmbBtn@extrev_feature_popup@REVOLUTION is invisible (UI)
WdgMtb: ACCESS InternalCL@REVOLUTION is invisible (UI)
WdgMtb: ACCESS cap_ends_popup@extrev_feature_popup@REVOLUTION is invisible (UI)
WdgMtb: ACCESS solid_surf_rg@REVOLUTION is invisible (UI)
WdgMtb: ACCESS remove_material_popup@extrev_feature_popup@REVOLUTION is invisible (UI)
WdgMtb: ACCESS thick_sketch_popup@extrev_feature_popup@REVOLUTION is invisible (UI)
WdgMtb: ACCESS DefineRmbBtn@extrev_feature_popup@REVOLUTION is invisible (UI)
WdgMtb: ACCESS SketchRmbBtn@extrev_feature_popup@REVOLUTION is invisible (UI)
WdgMtb: ACCESS InternalCL@REVOLUTION is invisible (UI)
WdgMtb: ACCESS cap_ends_popup@extrev_feature_popup@REVOLUTION is invisible (UI)
WdgMtb: ACCESS solid_surf_rg@REVOLUTION is invisible (UI)
WdgMtb: ACCESS remove_material_popup@extrev_feature_popup@REVOLUTION is invisible (UI)
WdgMtb: ACCESS thick_sketch_popup@extrev_feature_popup@REVOLUTION is invisible (UI)
WdgMtb: ACCESS DefineRmbBtn@extrev_feature_popup@REVOLUTION is invisible (UI)
WdgMtb: ACCESS SketchRmbBtn@extrev_feature_popup@REVOLUTION is invisible (UI)
WdgMtb: ACCESS InternalCL@REVOLUTION is invisible (UI)
WdgMtb: ACCESS cap_ends_popup@extrev_feature_popup@REVOLUTION is invisible (UI)
WdgMtb: ACCESS solid_surf_rg@REVOLUTION is invisible (UI)
WdgMtb: ACCESS remove_material_popup@extrev_feature_popup@REVOLUTION is invisible (UI)
WdgMtb: ACCESS thick_sketch_popup@extrev_feature_popup@REVOLUTION is invisible (UI)
WdgMtb: ACCESS DefineRmbBtn@extrev_feature_popup@REVOLUTION is invisible (UI)
WdgMtb: ACCESS SketchRmbBtn@extrev_feature_popup@REVOLUTION is invisible (UI)
WdgMtb: ACCESS InternalCL@REVOLUTION is invisible (UI)
WdgMtb: ACCESS cap_ends_popup@extrev_feature_popup@REVOLUTION is invisible (UI)
WdgMtb: ACCESS solid_surf_rg@REVOLUTION is AVAILABLE (CB)
WdgMtb: ACCESS remove_material_popup@extrev_feature_popup@REVOLUTION is AVAILABLE (CB)
WdgMtb: ACCESS thick_sketch_popup@extrev_feature_popup@REVOLUTION is AVAILABLE (CB)
WdgMtb: ACCESS DefineRmbBtn@extrev_feature_popup@REVOLUTION is invisible (UI)
WdgMtb: ACCESS SketchRmbBtn@extrev_feature_popup@REVOLUTION is AVAILABLE (CB)
WdgMtb: ACCESS InternalCL@REVOLUTION is AVAILABLE (CB)
WdgMtb: ACCESS cap_ends_popup@extrev_feature_popup@REVOLUTION is invisible (UI)
WdgMtb: ACCESS solid_surf_rg@REVOLUTION is AVAILABLE (CB)
WdgMtb: ACCESS remove_material_popup@extrev_feature_popup@REVOLUTION is AVAILABLE (CB)
WdgMtb: ACCESS thick_sketch_popup@extrev_feature_popup@REVOLUTION is AVAILABLE (CB)
WdgMtb: ACCESS DefineRmbBtn@extrev_feature_popup@REVOLUTION is invisible (UI)
WdgMtb: ACCESS SketchRmbBtn@extrev_feature_popup@REVOLUTION is AVAILABLE (CB)
WdgMtb: ACCESS InternalCL@REVOLUTION is AVAILABLE (CB)
WdgMtb: ACCESS cap_ends_popup@extrev_feature_popup@REVOLUTION is invisible (UI)
WdgMtb: ACCESS solid_surf_rg@REVOLUTION is AVAILABLE (CB)
WdgMtb: ACCESS remove_material_popup@extrev_feature_popup@REVOLUTION is AVAILABLE (CB)
WdgMtb: ACCESS thick_sketch_popup@extrev_feature_popup@REVOLUTION is AVAILABLE (CB)
WdgMtb: ACCESS DefineRmbBtn@extrev_feature_popup@REVOLUTION is invisible (UI)
WdgMtb: ACCESS SketchRmbBtn@extrev_feature_popup@REVOLUTION is AVAILABLE (CB)
WdgMtb: ACCESS InternalCL@REVOLUTION is AVAILABLE (CB)
WdgMtb: ACCESS cap_ends_popup@extrev_feature_popup@REVOLUTION is invisible (UI)
WdgMtb: ACCESS solid_surf_rg@REVOLUTION is AVAILABLE (CB)
WdgMtb: ACCESS remove_material_popup@extrev_feature_popup@REVOLUTION is AVAILABLE (CB)
WdgMtb: ACCESS thick_sketch_popup@extrev_feature_popup@REVOLUTION is AVAILABLE (CB)
WdgMtb: ACCESS DefineRmbBtn@extrev_feature_popup@REVOLUTION is invisible (UI)
WdgMtb: ACCESS SketchRmbBtn@extrev_feature_popup@REVOLUTION is AVAILABLE (CB)
WdgMtb: ACCESS InternalCL@REVOLUTION is AVAILABLE (CB)
WdgMtb: ACCESS cap_ends_popup@extrev_feature_popup@REVOLUTION is invisible (UI)
WdgMtb: ACCESS solid_surf_rg@REVOLUTION is AVAILABLE (CB)
WdgMtb: ACCESS remove_material_popup@extrev_feature_popup@REVOLUTION is AVAILABLE (CB)
WdgMtb: ACCESS thick_sketch_popup@extrev_feature_popup@REVOLUTION is AVAILABLE (CB)
WdgMtb: ACCESS DefineRmbBtn@extrev_feature_popup@REVOLUTION is invisible (UI)
WdgMtb: ACCESS SketchRmbBtn@extrev_feature_popup@REVOLUTION is AVAILABLE (CB)
WdgMtb: ACCESS InternalCL@REVOLUTION is AVAILABLE (CB)
WdgMtb: ACCESS cap_ends_popup@extrev_feature_popup@REVOLUTION is invisible (UI)
WdgMtb: ACCESS SketchRmbBtn@extrev_feature_popup@REVOLUTION is AVAILABLE (CB)
WdgMtb: ACCESS SketchRmbBtn@extrev_feature_popup@REVOLUTION is AVAILABLE (CB)
WdgMtb: ACCESS SketchRmbBtn@extrev_feature_popup@REVOLUTION is AVAILABLE (CB)
WdgMtb: ACCESS solid_surf_rg@REVOLUTION is invisible (UI)
WdgMtb: ACCESS remove_material_popup@extrev_feature_popup@REVOLUTION is invisible (UI)
WdgMtb: ACCESS thick_sketch_popup@extrev_feature_popup@REVOLUTION is invisible (UI)
WdgMtb: ACCESS DefineRmbBtn@extrev_feature_popup@REVOLUTION is invisible (UI)
WdgMtb: ACCESS SketchRmbBtn@extrev_feature_popup@REVOLUTION is invisible (UI)
WdgMtb: ACCESS InternalCL@REVOLUTION is invisible (UI)
WdgMtb: ACCESS cap_ends_popup@extrev_feature_popup@REVOLUTION is invisible (UI)
WdgMtb: ACCESS solid_surf_rg@REVOLUTION is invisible (UI)
WdgMtb: ACCESS remove_material_popup@extrev_feature_popup@REVOLUTION is invisible (UI)
WdgMtb: ACCESS thick_sketch_popup@extrev_feature_popup@REVOLUTION is invisible (UI)
WdgMtb: ACCESS DefineRmbBtn@extrev_feature_popup@REVOLUTION is invisible (UI)
WdgMtb: ACCESS SketchRmbBtn@extrev_feature_popup@REVOLUTION is invisible (UI)
WdgMtb: ACCESS InternalCL@REVOLUTION is invisible (UI)
WdgMtb: ACCESS cap_ends_popup@extrev_feature_popup@REVOLUTION is invisible (UI)
WdgMtb: ACCESS solid_surf_rg@REVOLUTION is invisible (UI)
WdgMtb: ACCESS remove_material_popup@extrev_feature_popup@REVOLUTION is invisible (UI)
WdgMtb: ACCESS thick_sketch_popup@extrev_feature_popup@REVOLUTION is invisible (UI)
WdgMtb: ACCESS DefineRmbBtn@extrev_feature_popup@REVOLUTION is invisible (UI)
WdgMtb: ACCESS SketchRmbBtn@extrev_feature_popup@REVOLUTION is invisible (UI)
WdgMtb: ACCESS InternalCL@REVOLUTION is invisible (UI)
WdgMtb: ACCESS cap_ends_popup@extrev_feature_popup@REVOLUTION is invisible (UI)
WdgMtb: ACCESS solid_surf_rg@REVOLUTION is invisible (UI)
WdgMtb: ACCESS remove_material_popup@extrev_feature_popup@REVOLUTION is invisible (UI)
WdgMtb: ACCESS thick_sketch_popup@extrev_feature_popup@REVOLUTION is invisible (UI)
WdgMtb: ACCESS DefineRmbBtn@extrev_feature_popup@REVOLUTION is invisible (UI)
WdgMtb: ACCESS SketchRmbBtn@extrev_feature_popup@REVOLUTION is invisible (UI)
WdgMtb: ACCESS InternalCL@REVOLUTION is invisible (UI)
WdgMtb: ACCESS cap_ends_popup@extrev_feature_popup@REVOLUTION is invisible (UI)
WdgMtb: ACCESS solid_surf_rg@REVOLUTION is invisible (UI)
WdgMtb: ACCESS remove_material_popup@extrev_feature_popup@REVOLUTION is invisible (UI)
WdgMtb: ACCESS thick_sketch_popup@extrev_feature_popup@REVOLUTION is invisible (UI)
WdgMtb: ACCESS DefineRmbBtn@extrev_feature_popup@REVOLUTION is invisible (UI)
WdgMtb: ACCESS SketchRmbBtn@extrev_feature_popup@REVOLUTION is invisible (UI)
WdgMtb: ACCESS InternalCL@REVOLUTION is invisible (UI)
WdgMtb: ACCESS cap_ends_popup@extrev_feature_popup@REVOLUTION is invisible (UI)
WdgMtb: ACCESS solid_surf_rg@REVOLUTION is invisible (UI)
WdgMtb: ACCESS remove_material_popup@extrev_feature_popup@REVOLUTION is invisible (UI)
WdgMtb: ACCESS thick_sketch_popup@extrev_feature_popup@REVOLUTION is invisible (UI)
WdgMtb: ACCESS DefineRmbBtn@extrev_feature_popup@REVOLUTION is invisible (UI)
WdgMtb: ACCESS SketchRmbBtn@extrev_feature_popup@REVOLUTION is invisible (UI)
WdgMtb: ACCESS InternalCL@REVOLUTION is invisible (UI)
WdgMtb: ACCESS cap_ends_popup@extrev_feature_popup@REVOLUTION is invisible (UI)
WdgMtb: ACCESS solid_surf_rg@REVOLUTION is invisible (UI)
WdgMtb: ACCESS remove_material_popup@extrev_feature_popup@REVOLUTION is invisible (UI)
WdgMtb: ACCESS thick_sketch_popup@extrev_feature_popup@REVOLUTION is invisible (UI)
WdgMtb: ACCESS DefineRmbBtn@extrev_feature_popup@REVOLUTION is invisible (UI)
WdgMtb: ACCESS SketchRmbBtn@extrev_feature_popup@REVOLUTION is invisible (UI)
WdgMtb: ACCESS InternalCL@REVOLUTION is invisible (UI)
WdgMtb: ACCESS cap_ends_popup@extrev_feature_popup@REVOLUTION is invisible (UI)
WdgMtb: ACCESS solid_surf_rg@REVOLUTION is invisible (UI)
WdgMtb: ACCESS remove_material_popup@extrev_feature_popup@REVOLUTION is invisible (UI)
WdgMtb: ACCESS thick_sketch_popup@extrev_feature_popup@REVOLUTION is invisible (UI)
WdgMtb: ACCESS DefineRmbBtn@extrev_feature_popup@REVOLUTION is invisible (UI)
WdgMtb: ACCESS SketchRmbBtn@extrev_feature_popup@REVOLUTION is invisible (UI)
WdgMtb: ACCESS InternalCL@REVOLUTION is invisible (UI)
WdgMtb: ACCESS cap_ends_popup@extrev_feature_popup@REVOLUTION is invisible (UI)
WdgMtb: ACCESS solid_surf_rg@REVOLUTION is invisible (UI)
WdgMtb: ACCESS remove_material_popup@extrev_feature_popup@REVOLUTION is invisible (UI)
WdgMtb: ACCESS thick_sketch_popup@extrev_feature_popup@REVOLUTION is invisible (UI)
WdgMtb: ACCESS DefineRmbBtn@extrev_feature_popup@REVOLUTION is invisible (UI)
WdgMtb: ACCESS SketchRmbBtn@extrev_feature_popup@REVOLUTION is invisible (UI)
WdgMtb: ACCESS InternalCL@REVOLUTION is invisible (UI)
WdgMtb: ACCESS cap_ends_popup@extrev_feature_popup@REVOLUTION is invisible (UI)
WdgMtb: ACCESS solid_surf_rg@REVOLUTION is invisible (UI)
WdgMtb: ACCESS remove_material_popup@extrev_feature_popup@REVOLUTION is invisible (UI)
WdgMtb: ACCESS thick_sketch_popup@extrev_feature_popup@REVOLUTION is invisible (UI)
WdgMtb: ACCESS DefineRmbBtn@extrev_feature_popup@REVOLUTION is invisible (UI)
WdgMtb: ACCESS SketchRmbBtn@extrev_feature_popup@REVOLUTION is invisible (UI)
WdgMtb: ACCESS InternalCL@REVOLUTION is invisible (UI)
WdgMtb: ACCESS cap_ends_popup@extrev_feature_popup@REVOLUTION is invisible (UI)
WdgMtb: ACCESS solid_surf_rg@REVOLUTION is invisible (UI)
WdgMtb: ACCESS remove_material_popup@extrev_feature_popup@REVOLUTION is invisible (UI)
WdgMtb: ACCESS thick_sketch_popup@extrev_feature_popup@REVOLUTION is invisible (UI)
WdgMtb: ACCESS DefineRmbBtn@extrev_feature_popup@REVOLUTION is invisible (UI)
WdgMtb: ACCESS SketchRmbBtn@extrev_feature_popup@REVOLUTION is invisible (UI)
WdgMtb: ACCESS InternalCL@REVOLUTION is invisible (UI)
WdgMtb: ACCESS cap_ends_popup@extrev_feature_popup@REVOLUTION is invisible (UI)
WdgMtb: ACCESS solid_surf_rg@REVOLUTION is invisible (UI)
WdgMtb: ACCESS remove_material_popup@extrev_feature_popup@REVOLUTION is invisible (UI)
WdgMtb: ACCESS thick_sketch_popup@extrev_feature_popup@REVOLUTION is invisible (UI)
WdgMtb: ACCESS DefineRmbBtn@extrev_feature_popup@REVOLUTION is invisible (UI)
WdgMtb: ACCESS SketchRmbBtn@extrev_feature_popup@REVOLUTION is invisible (UI)
WdgMtb: ACCESS InternalCL@REVOLUTION is invisible (UI)
WdgMtb: ACCESS cap_ends_popup@extrev_feature_popup@REVOLUTION is invisible (UI)
WdgMtb: ACCESS solid_surf_rg@REVOLUTION is invisible (UI)
WdgMtb: ACCESS remove_material_popup@extrev_feature_popup@REVOLUTION is invisible (UI)
WdgMtb: ACCESS thick_sketch_popup@extrev_feature_popup@REVOLUTION is invisible (UI)
WdgMtb: ACCESS DefineRmbBtn@extrev_feature_popup@REVOLUTION is invisible (UI)
WdgMtb: ACCESS SketchRmbBtn@extrev_feature_popup@REVOLUTION is invisible (UI)
WdgMtb: ACCESS InternalCL@REVOLUTION is invisible (UI)
WdgMtb: ACCESS cap_ends_popup@extrev_feature_popup@REVOLUTION is invisible (UI)
WdgMtb: ACCESS solid_surf_rg@REVOLUTION is invisible (UI)
WdgMtb: ACCESS remove_material_popup@extrev_feature_popup@REVOLUTION is invisible (UI)
WdgMtb: ACCESS thick_sketch_popup@extrev_feature_popup@REVOLUTION is invisible (UI)
WdgMtb: ACCESS DefineRmbBtn@extrev_feature_popup@REVOLUTION is invisible (UI)
WdgMtb: ACCESS SketchRmbBtn@extrev_feature_popup@REVOLUTION is invisible (UI)
WdgMtb: ACCESS InternalCL@REVOLUTION is invisible (UI)
WdgMtb: ACCESS cap_ends_popup@extrev_feature_popup@REVOLUTION is invisible (UI)
WdgMtb: ACCESS solid_surf_rg@REVOLUTION is AVAILABLE (CB)
WdgMtb: ACCESS remove_material_popup@extrev_feature_popup@REVOLUTION is AVAILABLE (CB)
WdgMtb: ACCESS thick_sketch_popup@extrev_feature_popup@REVOLUTION is AVAILABLE (CB)
WdgMtb: ACCESS DefineRmbBtn@extrev_feature_popup@REVOLUTION is invisible (UI)
WdgMtb: ACCESS SketchRmbBtn@extrev_feature_popup@REVOLUTION is AVAILABLE (CB)
WdgMtb: ACCESS InternalCL@REVOLUTION is AVAILABLE (CB)
WdgMtb: ACCESS cap_ends_popup@extrev_feature_popup@REVOLUTION is invisible (UI)
WdgMtb: ACCESS solid_surf_rg@REVOLUTION is AVAILABLE (CB)
WdgMtb: ACCESS remove_material_popup@extrev_feature_popup@REVOLUTION is AVAILABLE (CB)
WdgMtb: ACCESS thick_sketch_popup@extrev_feature_popup@REVOLUTION is AVAILABLE (CB)
WdgMtb: ACCESS DefineRmbBtn@extrev_feature_popup@REVOLUTION is invisible (UI)
WdgMtb: ACCESS SketchRmbBtn@extrev_feature_popup@REVOLUTION is AVAILABLE (CB)
WdgMtb: ACCESS InternalCL@REVOLUTION is AVAILABLE (CB)
WdgMtb: ACCESS cap_ends_popup@extrev_feature_popup@REVOLUTION is invisible (UI)
WdgMtb: ACCESS solid_surf_rg@REVOLUTION is AVAILABLE (CB)
WdgMtb: ACCESS remove_material_popup@extrev_feature_popup@REVOLUTION is AVAILABLE (CB)
WdgMtb: ACCESS thick_sketch_popup@extrev_feature_popup@REVOLUTION is AVAILABLE (CB)
WdgMtb: ACCESS DefineRmbBtn@extrev_feature_popup@REVOLUTION is invisible (UI)
WdgMtb: ACCESS SketchRmbBtn@extrev_feature_popup@REVOLUTION is AVAILABLE (CB)
WdgMtb: ACCESS InternalCL@REVOLUTION is AVAILABLE (CB)
WdgMtb: ACCESS cap_ends_popup@extrev_feature_popup@REVOLUTION is invisible (UI)
WdgMtb: ACCESS solid_surf_rg@REVOLUTION is AVAILABLE (CB)
WdgMtb: ACCESS remove_material_popup@extrev_feature_popup@REVOLUTION is AVAILABLE (CB)
WdgMtb: ACCESS thick_sketch_popup@extrev_feature_popup@REVOLUTION is AVAILABLE (CB)
WdgMtb: ACCESS DefineRmbBtn@extrev_feature_popup@REVOLUTION is invisible (UI)
WdgMtb: ACCESS SketchRmbBtn@extrev_feature_popup@REVOLUTION is AVAILABLE (CB)
WdgMtb: ACCESS InternalCL@REVOLUTION is AVAILABLE (CB)
WdgMtb: ACCESS cap_ends_popup@extrev_feature_popup@REVOLUTION is invisible (UI)
WdgMtb: ACCESS solid_surf_rg@REVOLUTION is AVAILABLE (CB)
WdgMtb: ACCESS remove_material_popup@extrev_feature_popup@REVOLUTION is AVAILABLE (CB)
WdgMtb: ACCESS thick_sketch_popup@extrev_feature_popup@REVOLUTION is AVAILABLE (CB)
WdgMtb: ACCESS DefineRmbBtn@extrev_feature_popup@REVOLUTION is invisible (UI)
WdgMtb: ACCESS SketchRmbBtn@extrev_feature_popup@REVOLUTION is AVAILABLE (CB)
WdgMtb: ACCESS InternalCL@REVOLUTION is AVAILABLE (CB)
WdgMtb: ACCESS cap_ends_popup@extrev_feature_popup@REVOLUTION is invisible (UI)
WdgMtb: ACCESS solid_surf_rg@REVOLUTION is AVAILABLE (CB)
WdgMtb: ACCESS remove_material_popup@extrev_feature_popup@REVOLUTION is AVAILABLE (CB)
WdgMtb: ACCESS thick_sketch_popup@extrev_feature_popup@REVOLUTION is AVAILABLE (CB)
WdgMtb: ACCESS DefineRmbBtn@extrev_feature_popup@REVOLUTION is invisible (UI)
WdgMtb: ACCESS SketchRmbBtn@extrev_feature_popup@REVOLUTION is AVAILABLE (CB)
WdgMtb: ACCESS InternalCL@REVOLUTION is AVAILABLE (CB)
WdgMtb: ACCESS cap_ends_popup@extrev_feature_popup@REVOLUTION is invisible (UI)
WdgMtb: ACCESS solid_surf_rg@REVOLUTION is AVAILABLE (CB)
WdgMtb: ACCESS remove_material_popup@extrev_feature_popup@REVOLUTION is AVAILABLE (CB)
WdgMtb: ACCESS thick_sketch_popup@extrev_feature_popup@REVOLUTION is AVAILABLE (CB)
WdgMtb: ACCESS DefineRmbBtn@extrev_feature_popup@REVOLUTION is invisible (UI)
WdgMtb: ACCESS SketchRmbBtn@extrev_feature_popup@REVOLUTION is AVAILABLE (CB)
WdgMtb: ACCESS InternalCL@REVOLUTION is AVAILABLE (CB)
WdgMtb: ACCESS cap_ends_popup@extrev_feature_popup@REVOLUTION is invisible (UI)
WdgMtb: ACCESS solid_surf_rg@REVOLUTION is AVAILABLE (CB)
WdgMtb: ACCESS remove_material_popup@extrev_feature_popup@REVOLUTION is AVAILABLE (CB)
WdgMtb: ACCESS thick_sketch_popup@extrev_feature_popup@REVOLUTION is AVAILABLE (CB)
WdgMtb: ACCESS DefineRmbBtn@extrev_feature_popup@REVOLUTION is invisible (UI)
WdgMtb: ACCESS SketchRmbBtn@extrev_feature_popup@REVOLUTION is AVAILABLE (CB)
WdgMtb: ACCESS InternalCL@REVOLUTION is AVAILABLE (CB)
WdgMtb: ACCESS cap_ends_popup@extrev_feature_popup@REVOLUTION is invisible (UI)
WdgMtb: ACCESS solid_surf_rg@REVOLUTION is AVAILABLE (CB)
WdgMtb: ACCESS remove_material_popup@extrev_feature_popup@REVOLUTION is AVAILABLE (CB)
WdgMtb: ACCESS thick_sketch_popup@extrev_feature_popup@REVOLUTION is AVAILABLE (CB)
WdgMtb: ACCESS DefineRmbBtn@extrev_feature_popup@REVOLUTION is invisible (UI)
WdgMtb: ACCESS SketchRmbBtn@extrev_feature_popup@REVOLUTION is AVAILABLE (CB)
WdgMtb: ACCESS InternalCL@REVOLUTION is AVAILABLE (CB)
WdgMtb: ACCESS cap_ends_popup@extrev_feature_popup@REVOLUTION is invisible (UI)
generate UI traceback and exit
Generating automatic traceback in C:\Users\Public\Documents\traceback.log...
Automatic traceback done.
